
MODEL RESULTS

--- Results for: Bladder Urothelial Carcinoma ---

Cancer: 165
Normal: 10

Shape of features: (175, 43148)
Shape of labels: (175,)

Model: KAN
Test accuracy kfold (1/10): 94.44%
Test accuracy kfold (2/10): 100.00%
Test accuracy kfold (3/10): 88.89%
Test accuracy kfold (4/10): 94.44%
Test accuracy kfold (5/10): 100.00%
Test accuracy kfold (6/10): 100.00%
Test accuracy kfold (7/10): 100.00%
Test accuracy kfold (8/10): 94.12%
Test accuracy kfold (9/10): 100.00%
Test accuracy kfold (10/10): 100.00%

Model: MLP
Test accuracy kfold (1/10): 94.44%
Test accuracy kfold (2/10): 100.00%
Test accuracy kfold (3/10): 88.89%
Test accuracy kfold (4/10): 94.44%
Test accuracy kfold (5/10): 100.00%
Test accuracy kfold (6/10): 100.00%
Test accuracy kfold (7/10): 100.00%
Test accuracy kfold (8/10): 94.12%
Test accuracy kfold (9/10): 100.00%
Test accuracy kfold (10/10): 100.00%

Model: SVM
Test accuracy kfold (1/10): 100.00%
Test accuracy kfold (2/10): 100.00%
Test accuracy kfold (3/10): 88.89%
Test accuracy kfold (4/10): 94.44%
Test accuracy kfold (5/10): 94.44%
Test accuracy kfold (6/10): 100.00%
Test accuracy kfold (7/10): 100.00%
Test accuracy kfold (8/10): 100.00%
Test accuracy kfold (9/10): 100.00%
Test accuracy kfold (10/10): 100.00%

Model: CNN-1D
Test accuracy kfold (1/10): 100.00%
Test accuracy kfold (2/10): 100.00%
Test accuracy kfold (3/10): 88.89%
Test accuracy kfold (4/10): 94.44%
Test accuracy kfold (5/10): 88.89%
Test accuracy kfold (6/10): 100.00%
Test accuracy kfold (7/10): 100.00%
Test accuracy kfold (8/10): 94.12%
Test accuracy kfold (9/10): 100.00%
Test accuracy kfold (10/10): 100.00%

Model: DI-CNN+
Test accuracy kfold (1/10): 100.00%
Test accuracy kfold (2/10): 100.00%
Test accuracy kfold (3/10): 88.89%
Test accuracy kfold (4/10): 94.44%
Test accuracy kfold (5/10): 100.00%
Test accuracy kfold (6/10): 100.00%
Test accuracy kfold (7/10): 100.00%
Test accuracy kfold (8/10): 100.00%
Test accuracy kfold (9/10): 100.00%
Test accuracy kfold (10/10): 100.00%

Model: IT-KAN
Test accuracy kfold (1/10): 94.44%
Test accuracy kfold (2/10): 100.00%
Test accuracy kfold (3/10): 88.89%
Test accuracy kfold (4/10): 94.44%
Test accuracy kfold (5/10): 100.00%
Test accuracy kfold (6/10): 100.00%
Test accuracy kfold (7/10): 100.00%
Test accuracy kfold (8/10): 94.12%
Test accuracy kfold (9/10): 100.00%
Test accuracy kfold (10/10): 100.00%

Final Test Results
KAN - Average Loss: 0.070, Accuracy: 97.19%
MLP - Average Loss: 0.063, Accuracy: 97.19%
SVM - Average Hinge Loss: 0.068, Accuracy: 97.78%
CNN-1D - Average Loss: 0.072, Accuracy: 96.63%
DI-CNN+ - Average Loss: 0.069, Accuracy: 98.33%
IT-KAN - Average Loss: 0.068, Accuracy: 97.19%


--- Results for: Breast invasive carcinoma cancer ---

Cancer: 61
Normal: 47

Shape of features: (108, 33297)
Shape of labels: (108,)

Model: KAN
Test accuracy kfold (1/10): 90.91%
Test accuracy kfold (2/10): 100.00%
Test accuracy kfold (3/10): 100.00%
Test accuracy kfold (4/10): 72.73%
Test accuracy kfold (5/10): 90.91%
Test accuracy kfold (6/10): 81.82%
Test accuracy kfold (7/10): 81.82%
Test accuracy kfold (8/10): 72.73%
Test accuracy kfold (9/10): 90.00%
Test accuracy kfold (10/10): 90.00%

Model: MLP
Test accuracy kfold (1/10): 100.00%
Test accuracy kfold (2/10): 100.00%
Test accuracy kfold (3/10): 100.00%
Test accuracy kfold (4/10): 72.73%
Test accuracy kfold (5/10): 90.91%
Test accuracy kfold (6/10): 81.82%
Test accuracy kfold (7/10): 81.82%
Test accuracy kfold (8/10): 72.73%
Test accuracy kfold (9/10): 90.00%
Test accuracy kfold (10/10): 100.00%

Model: SVM
Test accuracy kfold (1/10): 100.00%
Test accuracy kfold (2/10): 72.73%
Test accuracy kfold (3/10): 100.00%
Test accuracy kfold (4/10): 72.73%
Test accuracy kfold (5/10): 90.91%
Test accuracy kfold (6/10): 81.82%
Test accuracy kfold (7/10): 81.82%
Test accuracy kfold (8/10): 72.73%
Test accuracy kfold (9/10): 90.00%
Test accuracy kfold (10/10): 90.00%

Model: CNN-1D
Test accuracy kfold (1/10): 100.00%
Test accuracy kfold (2/10): 100.00%
Test accuracy kfold (3/10): 100.00%
Test accuracy kfold (4/10): 72.73%
Test accuracy kfold (5/10): 90.91%
Test accuracy kfold (6/10): 81.82%
Test accuracy kfold (7/10): 81.82%
Test accuracy kfold (8/10): 72.73%
Test accuracy kfold (9/10): 90.00%
Test accuracy kfold (10/10): 90.00%

Model: DI-CNN+
Test accuracy kfold (1/10): 81.82%
Test accuracy kfold (2/10): 90.91%
Test accuracy kfold (3/10): 100.00%
Test accuracy kfold (4/10): 63.64%
Test accuracy kfold (5/10): 90.91%
Test accuracy kfold (6/10): 81.82%
Test accuracy kfold (7/10): 81.82%
Test accuracy kfold (8/10): 72.73%
Test accuracy kfold (9/10): 90.00%
Test accuracy kfold (10/10): 90.00%

Model: IT-KAN
Test accuracy kfold (1/10): 90.91%
Test accuracy kfold (2/10): 100.00%
Test accuracy kfold (3/10): 100.00%
Test accuracy kfold (4/10): 72.73%
Test accuracy kfold (5/10): 90.91%
Test accuracy kfold (6/10): 81.82%
Test accuracy kfold (7/10): 81.82%
Test accuracy kfold (8/10): 72.73%
Test accuracy kfold (9/10): 90.00%
Test accuracy kfold (10/10): 90.00%

Final Test Results
KAN - Average Loss: 0.332, Accuracy: 87.09%
MLP - Average Loss: 0.387, Accuracy: 89.00%
SVM - Average Hinge Loss: 0.525, Accuracy: 85.27%
CNN-1D - Average Loss: 0.299, Accuracy: 88.00%
DI-CNN+ - Average Loss: 0.385, Accuracy: 84.36%
IT-KAN - Average Loss: 0.321, Accuracy: 87.09%


--- Results for: Breast cancer ---

Cancer: 1039
Normal: 99

Shape of features: (1138, 20325)
Shape of labels: (1138,)

Model: KAN
Test accuracy kfold (1/10): 99.12%
Test accuracy kfold (2/10): 97.37%
Test accuracy kfold (3/10): 99.12%
Test accuracy kfold (4/10): 99.12%
Test accuracy kfold (5/10): 99.12%
Test accuracy kfold (6/10): 99.12%
Test accuracy kfold (7/10): 98.25%
Test accuracy kfold (8/10): 100.00%
Test accuracy kfold (9/10): 99.12%
Test accuracy kfold (10/10): 98.23%

Model: MLP
Test accuracy kfold (1/10): 99.12%
Test accuracy kfold (2/10): 97.37%
Test accuracy kfold (3/10): 99.12%
Test accuracy kfold (4/10): 99.12%
Test accuracy kfold (5/10): 100.00%
Test accuracy kfold (6/10): 99.12%
Test accuracy kfold (7/10): 99.12%
Test accuracy kfold (8/10): 100.00%
Test accuracy kfold (9/10): 99.12%
Test accuracy kfold (10/10): 98.23%

Model: SVM
Test accuracy kfold (1/10): 98.25%
Test accuracy kfold (2/10): 97.37%
Test accuracy kfold (3/10): 100.00%
Test accuracy kfold (4/10): 99.12%
Test accuracy kfold (5/10): 100.00%
Test accuracy kfold (6/10): 99.12%
Test accuracy kfold (7/10): 99.12%
Test accuracy kfold (8/10): 100.00%
Test accuracy kfold (9/10): 99.12%
Test accuracy kfold (10/10): 99.12%

Model: CNN-1D
Test accuracy kfold (1/10): 98.25%
Test accuracy kfold (2/10): 97.37%
Test accuracy kfold (3/10): 97.37%
Test accuracy kfold (4/10): 99.12%
Test accuracy kfold (5/10): 99.12%
Test accuracy kfold (6/10): 100.00%
Test accuracy kfold (7/10): 99.12%
Test accuracy kfold (8/10): 99.12%
Test accuracy kfold (9/10): 99.12%
Test accuracy kfold (10/10): 97.35%

Model: DI-CNN+
Test accuracy kfold (1/10): 98.25%
Test accuracy kfold (2/10): 98.25%
Test accuracy kfold (3/10): 99.12%
Test accuracy kfold (4/10): 100.00%
Test accuracy kfold (5/10): 100.00%
Test accuracy kfold (6/10): 100.00%
Test accuracy kfold (7/10): 98.25%
Test accuracy kfold (8/10): 100.00%
Test accuracy kfold (9/10): 100.00%
Test accuracy kfold (10/10): 99.12%

Model: IT-KAN
Test accuracy kfold (1/10): 98.25%
Test accuracy kfold (2/10): 97.37%
Test accuracy kfold (3/10): 99.12%
Test accuracy kfold (4/10): 99.12%
Test accuracy kfold (5/10): 99.12%
Test accuracy kfold (6/10): 99.12%
Test accuracy kfold (7/10): 99.12%
Test accuracy kfold (8/10): 100.00%
Test accuracy kfold (9/10): 99.12%
Test accuracy kfold (10/10): 98.23%

Final Test Results
KAN - Average Loss: 0.056, Accuracy: 98.86%
MLP - Average Loss: 0.046, Accuracy: 99.03%
SVM - Average Hinge Loss: 0.091, Accuracy: 99.12%
CNN-1D - Average Loss: 0.040, Accuracy: 98.59%
DI-CNN+ - Average Loss: 0.026, Accuracy: 99.30%
IT-KAN - Average Loss: 0.053, Accuracy: 98.86%


--- Results for: Colon adenocarcinoma ---

Cancer: 25
Normal: 12

Shape of features: (37, 41076)
Shape of labels: (37,)

Model: KAN
Test accuracy kfold (1/10): 100.00%
Test accuracy kfold (2/10): 100.00%
Test accuracy kfold (3/10): 100.00%
Test accuracy kfold (4/10): 100.00%
Test accuracy kfold (5/10): 100.00%
Test accuracy kfold (6/10): 100.00%
Test accuracy kfold (7/10): 100.00%
Test accuracy kfold (8/10): 100.00%
Test accuracy kfold (9/10): 100.00%
Test accuracy kfold (10/10): 100.00%

Model: MLP
Test accuracy kfold (1/10): 100.00%
Test accuracy kfold (2/10): 100.00%
Test accuracy kfold (3/10): 100.00%
Test accuracy kfold (4/10): 100.00%
Test accuracy kfold (5/10): 100.00%
Test accuracy kfold (6/10): 100.00%
Test accuracy kfold (7/10): 100.00%
Test accuracy kfold (8/10): 100.00%
Test accuracy kfold (9/10): 100.00%
Test accuracy kfold (10/10): 100.00%

Model: SVM
Test accuracy kfold (1/10): 100.00%
Test accuracy kfold (2/10): 100.00%
Test accuracy kfold (3/10): 100.00%
Test accuracy kfold (4/10): 100.00%
Test accuracy kfold (5/10): 100.00%
Test accuracy kfold (6/10): 100.00%
Test accuracy kfold (7/10): 100.00%
Test accuracy kfold (8/10): 100.00%
Test accuracy kfold (9/10): 100.00%
Test accuracy kfold (10/10): 100.00%

Model: CNN-1D
Test accuracy kfold (1/10): 100.00%
Test accuracy kfold (2/10): 100.00%
Test accuracy kfold (3/10): 100.00%
Test accuracy kfold (4/10): 100.00%
Test accuracy kfold (5/10): 100.00%
Test accuracy kfold (6/10): 100.00%
Test accuracy kfold (7/10): 100.00%
Test accuracy kfold (8/10): 100.00%
Test accuracy kfold (9/10): 100.00%
Test accuracy kfold (10/10): 100.00%

Model: DI-CNN+
Test accuracy kfold (1/10): 100.00%
Test accuracy kfold (2/10): 100.00%
Test accuracy kfold (3/10): 100.00%
Test accuracy kfold (4/10): 100.00%
Test accuracy kfold (5/10): 100.00%
Test accuracy kfold (6/10): 100.00%
Test accuracy kfold (7/10): 100.00%
Test accuracy kfold (8/10): 100.00%
Test accuracy kfold (9/10): 100.00%
Test accuracy kfold (10/10): 100.00%

Model: IT-KAN
Test accuracy kfold (1/10): 100.00%
Test accuracy kfold (2/10): 100.00%
Test accuracy kfold (3/10): 100.00%
Test accuracy kfold (4/10): 100.00%
Test accuracy kfold (5/10): 100.00%
Test accuracy kfold (6/10): 100.00%
Test accuracy kfold (7/10): 100.00%
Test accuracy kfold (8/10): 100.00%
Test accuracy kfold (9/10): 100.00%
Test accuracy kfold (10/10): 100.00%

Final Test Results
KAN - Average Loss: 0.185, Accuracy: 100.00%
MLP - Average Loss: 0.186, Accuracy: 100.00%
SVM - Average Hinge Loss: 0.325, Accuracy: 100.00%
CNN-1D - Average Loss: 0.032, Accuracy: 100.00%
DI-CNN+ - Average Loss: 0.076, Accuracy: 100.00%
IT-KAN - Average Loss: 0.119, Accuracy: 100.00%


--- Results for: Esophageal carcinoma ---

Cancer: 17
Normal: 17

Shape of features: (34, 22277)
Shape of labels: (34,)

Model: KAN
Test accuracy kfold (1/10): 100.00%
Test accuracy kfold (2/10): 100.00%
Test accuracy kfold (3/10): 100.00%
Test accuracy kfold (4/10): 100.00%
Test accuracy kfold (5/10): 66.67%
Test accuracy kfold (6/10): 100.00%
Test accuracy kfold (7/10): 100.00%
Test accuracy kfold (8/10): 100.00%
Test accuracy kfold (9/10): 100.00%
Test accuracy kfold (10/10): 100.00%

Model: MLP
Test accuracy kfold (1/10): 100.00%
Test accuracy kfold (2/10): 100.00%
Test accuracy kfold (3/10): 100.00%
Test accuracy kfold (4/10): 100.00%
Test accuracy kfold (5/10): 66.67%
Test accuracy kfold (6/10): 100.00%
Test accuracy kfold (7/10): 100.00%
Test accuracy kfold (8/10): 100.00%
Test accuracy kfold (9/10): 100.00%
Test accuracy kfold (10/10): 100.00%

Model: SVM
Test accuracy kfold (1/10): 100.00%
Test accuracy kfold (2/10): 100.00%
Test accuracy kfold (3/10): 100.00%
Test accuracy kfold (4/10): 100.00%
Test accuracy kfold (5/10): 100.00%
Test accuracy kfold (6/10): 100.00%
Test accuracy kfold (7/10): 100.00%
Test accuracy kfold (8/10): 100.00%
Test accuracy kfold (9/10): 100.00%
Test accuracy kfold (10/10): 100.00%

Model: CNN-1D
Test accuracy kfold (1/10): 100.00%
Test accuracy kfold (2/10): 100.00%
Test accuracy kfold (3/10): 100.00%
Test accuracy kfold (4/10): 100.00%
Test accuracy kfold (5/10): 100.00%
Test accuracy kfold (6/10): 100.00%
Test accuracy kfold (7/10): 100.00%
Test accuracy kfold (8/10): 100.00%
Test accuracy kfold (9/10): 100.00%
Test accuracy kfold (10/10): 100.00%

Model: DI-CNN+
Test accuracy kfold (1/10): 100.00%
Test accuracy kfold (2/10): 100.00%
Test accuracy kfold (3/10): 100.00%
Test accuracy kfold (4/10): 100.00%
Test accuracy kfold (5/10): 100.00%
Test accuracy kfold (6/10): 100.00%
Test accuracy kfold (7/10): 100.00%
Test accuracy kfold (8/10): 100.00%
Test accuracy kfold (9/10): 100.00%
Test accuracy kfold (10/10): 100.00%

Model: IT-KAN
Test accuracy kfold (1/10): 100.00%
Test accuracy kfold (2/10): 100.00%
Test accuracy kfold (3/10): 100.00%
Test accuracy kfold (4/10): 100.00%
Test accuracy kfold (5/10): 66.67%
Test accuracy kfold (6/10): 100.00%
Test accuracy kfold (7/10): 100.00%
Test accuracy kfold (8/10): 100.00%
Test accuracy kfold (9/10): 100.00%
Test accuracy kfold (10/10): 100.00%

Final Test Results
KAN - Average Loss: 0.253, Accuracy: 96.67%
MLP - Average Loss: 0.274, Accuracy: 96.67%
SVM - Average Hinge Loss: 0.500, Accuracy: 100.00%
CNN-1D - Average Loss: 0.047, Accuracy: 100.00%
DI-CNN+ - Average Loss: 0.126, Accuracy: 100.00%
IT-KAN - Average Loss: 0.197, Accuracy: 96.67%


--- Results for: Head and Neck squamous cell carcinoma ---

Cancer: 22
Normal: 22

Shape of features: (44, 12625)
Shape of labels: (44,)

Model: KAN
Test accuracy kfold (1/10): 80.00%
Test accuracy kfold (2/10): 100.00%
Test accuracy kfold (3/10): 100.00%
Test accuracy kfold (4/10): 80.00%
Test accuracy kfold (5/10): 100.00%
Test accuracy kfold (6/10): 100.00%
Test accuracy kfold (7/10): 75.00%
Test accuracy kfold (8/10): 100.00%
Test accuracy kfold (9/10): 100.00%
Test accuracy kfold (10/10): 100.00%

Model: MLP
Test accuracy kfold (1/10): 80.00%
Test accuracy kfold (2/10): 100.00%
Test accuracy kfold (3/10): 100.00%
Test accuracy kfold (4/10): 80.00%
Test accuracy kfold (5/10): 100.00%
Test accuracy kfold (6/10): 100.00%
Test accuracy kfold (7/10): 75.00%
Test accuracy kfold (8/10): 100.00%
Test accuracy kfold (9/10): 100.00%
Test accuracy kfold (10/10): 100.00%

Model: SVM
Test accuracy kfold (1/10): 80.00%
Test accuracy kfold (2/10): 100.00%
Test accuracy kfold (3/10): 100.00%
Test accuracy kfold (4/10): 100.00%
Test accuracy kfold (5/10): 100.00%
Test accuracy kfold (6/10): 100.00%
Test accuracy kfold (7/10): 75.00%
Test accuracy kfold (8/10): 100.00%
Test accuracy kfold (9/10): 75.00%
Test accuracy kfold (10/10): 100.00%

Model: CNN-1D
Test accuracy kfold (1/10): 80.00%
Test accuracy kfold (2/10): 100.00%
Test accuracy kfold (3/10): 100.00%
Test accuracy kfold (4/10): 100.00%
Test accuracy kfold (5/10): 100.00%
Test accuracy kfold (6/10): 100.00%
Test accuracy kfold (7/10): 75.00%
Test accuracy kfold (8/10): 100.00%
Test accuracy kfold (9/10): 100.00%
Test accuracy kfold (10/10): 100.00%

Model: DI-CNN+
Test accuracy kfold (1/10): 80.00%
Test accuracy kfold (2/10): 80.00%
Test accuracy kfold (3/10): 100.00%
Test accuracy kfold (4/10): 80.00%
Test accuracy kfold (5/10): 100.00%
Test accuracy kfold (6/10): 100.00%
Test accuracy kfold (7/10): 75.00%
Test accuracy kfold (8/10): 100.00%
Test accuracy kfold (9/10): 100.00%
Test accuracy kfold (10/10): 100.00%

Model: IT-KAN
Test accuracy kfold (1/10): 80.00%
Test accuracy kfold (2/10): 100.00%
Test accuracy kfold (3/10): 100.00%
Test accuracy kfold (4/10): 80.00%
Test accuracy kfold (5/10): 100.00%
Test accuracy kfold (6/10): 100.00%
Test accuracy kfold (7/10): 75.00%
Test accuracy kfold (8/10): 100.00%
Test accuracy kfold (9/10): 100.00%
Test accuracy kfold (10/10): 100.00%

Final Test Results
KAN - Average Loss: 0.304, Accuracy: 93.50%
MLP - Average Loss: 0.290, Accuracy: 93.50%
SVM - Average Hinge Loss: 0.500, Accuracy: 93.00%
CNN-1D - Average Loss: 0.200, Accuracy: 95.50%
DI-CNN+ - Average Loss: 0.172, Accuracy: 91.50%
IT-KAN - Average Loss: 0.254, Accuracy: 93.50%


--- Results for: Kidney Chromophobe ---

Cancer: 6
Normal: 23

Shape of features: (29, 22283)
Shape of labels: (29,)

Model: KAN
Test accuracy kfold (1/10): 100.00%
Test accuracy kfold (2/10): 100.00%
Test accuracy kfold (3/10): 100.00%
Test accuracy kfold (4/10): 100.00%
Test accuracy kfold (5/10): 100.00%
Test accuracy kfold (6/10): 100.00%
Test accuracy kfold (7/10): 100.00%
Test accuracy kfold (8/10): 100.00%
Test accuracy kfold (9/10): 100.00%
Test accuracy kfold (10/10): 100.00%

Model: MLP
Test accuracy kfold (1/10): 100.00%
Test accuracy kfold (2/10): 100.00%
Test accuracy kfold (3/10): 100.00%
Test accuracy kfold (4/10): 100.00%
Test accuracy kfold (5/10): 100.00%
Test accuracy kfold (6/10): 100.00%
Test accuracy kfold (7/10): 100.00%
Test accuracy kfold (8/10): 100.00%
Test accuracy kfold (9/10): 100.00%
Test accuracy kfold (10/10): 100.00%

Model: SVM
Test accuracy kfold (1/10): 100.00%
Test accuracy kfold (2/10): 100.00%
Test accuracy kfold (3/10): 100.00%
Test accuracy kfold (4/10): 100.00%
Test accuracy kfold (5/10): 100.00%
Test accuracy kfold (6/10): 100.00%
Test accuracy kfold (7/10): 100.00%
Test accuracy kfold (8/10): 100.00%
Test accuracy kfold (9/10): 100.00%
Test accuracy kfold (10/10): 100.00%

Model: CNN-1D
Test accuracy kfold (1/10): 100.00%
Test accuracy kfold (2/10): 100.00%
Test accuracy kfold (3/10): 100.00%
Test accuracy kfold (4/10): 100.00%
Test accuracy kfold (5/10): 100.00%
Test accuracy kfold (6/10): 100.00%
Test accuracy kfold (7/10): 100.00%
Test accuracy kfold (8/10): 100.00%
Test accuracy kfold (9/10): 100.00%
Test accuracy kfold (10/10): 100.00%

Model: DI-CNN+
Test accuracy kfold (1/10): 100.00%
Test accuracy kfold (2/10): 100.00%
Test accuracy kfold (3/10): 100.00%
Test accuracy kfold (4/10): 100.00%
Test accuracy kfold (5/10): 100.00%
Test accuracy kfold (6/10): 100.00%
Test accuracy kfold (7/10): 100.00%
Test accuracy kfold (8/10): 100.00%
Test accuracy kfold (9/10): 100.00%
Test accuracy kfold (10/10): 100.00%

Model: IT-KAN
Test accuracy kfold (1/10): 100.00%
Test accuracy kfold (2/10): 100.00%
Test accuracy kfold (3/10): 100.00%
Test accuracy kfold (4/10): 100.00%
Test accuracy kfold (5/10): 100.00%
Test accuracy kfold (6/10): 100.00%
Test accuracy kfold (7/10): 100.00%
Test accuracy kfold (8/10): 100.00%
Test accuracy kfold (9/10): 100.00%
Test accuracy kfold (10/10): 100.00%

Final Test Results
KAN - Average Loss: 0.195, Accuracy: 100.00%
MLP - Average Loss: 0.196, Accuracy: 100.00%
SVM - Average Hinge Loss: 0.800, Accuracy: 100.00%
CNN-1D - Average Loss: 0.035, Accuracy: 100.00%
DI-CNN+ - Average Loss: 0.085, Accuracy: 100.00%
IT-KAN - Average Loss: 0.133, Accuracy: 100.00%


--- Results for: Kidney renal clear cell carcinoma ---

Cancer: 32
Normal: 23

Shape of features: (55, 22283)
Shape of labels: (55,)

Model: KAN
Test accuracy kfold (1/10): 100.00%
Test accuracy kfold (2/10): 100.00%
Test accuracy kfold (3/10): 100.00%
Test accuracy kfold (4/10): 100.00%
Test accuracy kfold (5/10): 100.00%
Test accuracy kfold (6/10): 100.00%
Test accuracy kfold (7/10): 100.00%
Test accuracy kfold (8/10): 100.00%
Test accuracy kfold (9/10): 100.00%
Test accuracy kfold (10/10): 100.00%

Model: MLP
Test accuracy kfold (1/10): 100.00%
Test accuracy kfold (2/10): 100.00%
Test accuracy kfold (3/10): 100.00%
Test accuracy kfold (4/10): 100.00%
Test accuracy kfold (5/10): 100.00%
Test accuracy kfold (6/10): 100.00%
Test accuracy kfold (7/10): 100.00%
Test accuracy kfold (8/10): 100.00%
Test accuracy kfold (9/10): 100.00%
Test accuracy kfold (10/10): 100.00%

Model: SVM
Test accuracy kfold (1/10): 100.00%
Test accuracy kfold (2/10): 100.00%
Test accuracy kfold (3/10): 100.00%
Test accuracy kfold (4/10): 100.00%
Test accuracy kfold (5/10): 100.00%
Test accuracy kfold (6/10): 100.00%
Test accuracy kfold (7/10): 100.00%
Test accuracy kfold (8/10): 100.00%
Test accuracy kfold (9/10): 100.00%
Test accuracy kfold (10/10): 100.00%

Model: CNN-1D
Test accuracy kfold (1/10): 100.00%
Test accuracy kfold (2/10): 100.00%
Test accuracy kfold (3/10): 100.00%
Test accuracy kfold (4/10): 100.00%
Test accuracy kfold (5/10): 100.00%
Test accuracy kfold (6/10): 100.00%
Test accuracy kfold (7/10): 100.00%
Test accuracy kfold (8/10): 100.00%
Test accuracy kfold (9/10): 100.00%
Test accuracy kfold (10/10): 100.00%

Model: DI-CNN+
Test accuracy kfold (1/10): 100.00%
Test accuracy kfold (2/10): 100.00%
Test accuracy kfold (3/10): 100.00%
Test accuracy kfold (4/10): 100.00%
Test accuracy kfold (5/10): 100.00%
Test accuracy kfold (6/10): 100.00%
Test accuracy kfold (7/10): 100.00%
Test accuracy kfold (8/10): 100.00%
Test accuracy kfold (9/10): 100.00%
Test accuracy kfold (10/10): 100.00%

Model: IT-KAN
Test accuracy kfold (1/10): 100.00%
Test accuracy kfold (2/10): 100.00%
Test accuracy kfold (3/10): 100.00%
Test accuracy kfold (4/10): 100.00%
Test accuracy kfold (5/10): 100.00%
Test accuracy kfold (6/10): 100.00%
Test accuracy kfold (7/10): 100.00%
Test accuracy kfold (8/10): 100.00%
Test accuracy kfold (9/10): 100.00%
Test accuracy kfold (10/10): 100.00%

Final Test Results
KAN - Average Loss: 0.082, Accuracy: 100.00%
MLP - Average Loss: 0.086, Accuracy: 100.00%
SVM - Average Hinge Loss: 0.417, Accuracy: 100.00%
CNN-1D - Average Loss: 0.009, Accuracy: 100.00%
DI-CNN+ - Average Loss: 0.043, Accuracy: 100.00%
IT-KAN - Average Loss: 0.061, Accuracy: 100.00%


--- Results for: Kidney renal papillary cell carcinoma ---

Cancer: 11
Normal: 23

Shape of features: (34, 22283)
Shape of labels: (34,)

Model: KAN
Test accuracy kfold (1/10): 100.00%
Test accuracy kfold (2/10): 100.00%
Test accuracy kfold (3/10): 100.00%
Test accuracy kfold (4/10): 100.00%
Test accuracy kfold (5/10): 100.00%
Test accuracy kfold (6/10): 100.00%
Test accuracy kfold (7/10): 100.00%
Test accuracy kfold (8/10): 100.00%
Test accuracy kfold (9/10): 100.00%
Test accuracy kfold (10/10): 100.00%

Model: MLP
Test accuracy kfold (1/10): 100.00%
Test accuracy kfold (2/10): 100.00%
Test accuracy kfold (3/10): 100.00%
Test accuracy kfold (4/10): 100.00%
Test accuracy kfold (5/10): 100.00%
Test accuracy kfold (6/10): 100.00%
Test accuracy kfold (7/10): 100.00%
Test accuracy kfold (8/10): 100.00%
Test accuracy kfold (9/10): 100.00%
Test accuracy kfold (10/10): 100.00%

Model: SVM
Test accuracy kfold (1/10): 100.00%
Test accuracy kfold (2/10): 100.00%
Test accuracy kfold (3/10): 100.00%
Test accuracy kfold (4/10): 100.00%
Test accuracy kfold (5/10): 100.00%
Test accuracy kfold (6/10): 100.00%
Test accuracy kfold (7/10): 100.00%
Test accuracy kfold (8/10): 100.00%
Test accuracy kfold (9/10): 100.00%
Test accuracy kfold (10/10): 100.00%

Model: CNN-1D
Test accuracy kfold (1/10): 100.00%
Test accuracy kfold (2/10): 100.00%
Test accuracy kfold (3/10): 100.00%
Test accuracy kfold (4/10): 100.00%
Test accuracy kfold (5/10): 100.00%
Test accuracy kfold (6/10): 100.00%
Test accuracy kfold (7/10): 100.00%
Test accuracy kfold (8/10): 100.00%
Test accuracy kfold (9/10): 100.00%
Test accuracy kfold (10/10): 100.00%

Model: DI-CNN+
Test accuracy kfold (1/10): 100.00%
Test accuracy kfold (2/10): 100.00%
Test accuracy kfold (3/10): 100.00%
Test accuracy kfold (4/10): 100.00%
Test accuracy kfold (5/10): 100.00%
Test accuracy kfold (6/10): 100.00%
Test accuracy kfold (7/10): 100.00%
Test accuracy kfold (8/10): 100.00%
Test accuracy kfold (9/10): 100.00%
Test accuracy kfold (10/10): 100.00%

Model: IT-KAN
Test accuracy kfold (1/10): 100.00%
Test accuracy kfold (2/10): 100.00%
Test accuracy kfold (3/10): 100.00%
Test accuracy kfold (4/10): 100.00%
Test accuracy kfold (5/10): 100.00%
Test accuracy kfold (6/10): 100.00%
Test accuracy kfold (7/10): 100.00%
Test accuracy kfold (8/10): 100.00%
Test accuracy kfold (9/10): 100.00%
Test accuracy kfold (10/10): 100.00%

Final Test Results
KAN - Average Loss: 0.173, Accuracy: 100.00%
MLP - Average Loss: 0.186, Accuracy: 100.00%
SVM - Average Hinge Loss: 0.675, Accuracy: 100.00%
CNN-1D - Average Loss: 0.033, Accuracy: 100.00%
DI-CNN+ - Average Loss: 0.088, Accuracy: 100.00%
IT-KAN - Average Loss: 0.139, Accuracy: 100.00%


--- Results for: Liver hepatocellular carcinoma ---

Cancer: 48
Normal: 39

Shape of features: (87, 54675)
Shape of labels: (87,)

Model: KAN
Test accuracy kfold (1/10): 100.00%
Test accuracy kfold (2/10): 88.89%
Test accuracy kfold (3/10): 100.00%
Test accuracy kfold (4/10): 100.00%
Test accuracy kfold (5/10): 100.00%
Test accuracy kfold (6/10): 100.00%
Test accuracy kfold (7/10): 100.00%
Test accuracy kfold (8/10): 100.00%
Test accuracy kfold (9/10): 87.50%
Test accuracy kfold (10/10): 100.00%

Model: MLP
Test accuracy kfold (1/10): 100.00%
Test accuracy kfold (2/10): 88.89%
Test accuracy kfold (3/10): 100.00%
Test accuracy kfold (4/10): 100.00%
Test accuracy kfold (5/10): 100.00%
Test accuracy kfold (6/10): 100.00%
Test accuracy kfold (7/10): 100.00%
Test accuracy kfold (8/10): 100.00%
Test accuracy kfold (9/10): 87.50%
Test accuracy kfold (10/10): 100.00%

Model: SVM
Test accuracy kfold (1/10): 100.00%
Test accuracy kfold (2/10): 88.89%
Test accuracy kfold (3/10): 100.00%
Test accuracy kfold (4/10): 100.00%
Test accuracy kfold (5/10): 100.00%
Test accuracy kfold (6/10): 100.00%
Test accuracy kfold (7/10): 100.00%
Test accuracy kfold (8/10): 100.00%
Test accuracy kfold (9/10): 87.50%
Test accuracy kfold (10/10): 100.00%

Model: CNN-1D
Test accuracy kfold (1/10): 100.00%
Test accuracy kfold (2/10): 88.89%
Test accuracy kfold (3/10): 100.00%
Test accuracy kfold (4/10): 100.00%
Test accuracy kfold (5/10): 100.00%
Test accuracy kfold (6/10): 100.00%
Test accuracy kfold (7/10): 100.00%
Test accuracy kfold (8/10): 100.00%
Test accuracy kfold (9/10): 87.50%
Test accuracy kfold (10/10): 100.00%

Model: DI-CNN+
Test accuracy kfold (1/10): 88.89%
Test accuracy kfold (2/10): 88.89%
Test accuracy kfold (3/10): 100.00%
Test accuracy kfold (4/10): 100.00%
Test accuracy kfold (5/10): 100.00%
Test accuracy kfold (6/10): 100.00%
Test accuracy kfold (7/10): 100.00%
Test accuracy kfold (8/10): 100.00%
Test accuracy kfold (9/10): 87.50%
Test accuracy kfold (10/10): 100.00%

Model: IT-KAN
Test accuracy kfold (1/10): 100.00%
Test accuracy kfold (2/10): 88.89%
Test accuracy kfold (3/10): 100.00%
Test accuracy kfold (4/10): 100.00%
Test accuracy kfold (5/10): 100.00%
Test accuracy kfold (6/10): 100.00%
Test accuracy kfold (7/10): 100.00%
Test accuracy kfold (8/10): 100.00%
Test accuracy kfold (9/10): 87.50%
Test accuracy kfold (10/10): 100.00%

Final Test Results
KAN - Average Loss: 0.090, Accuracy: 97.64%
MLP - Average Loss: 0.086, Accuracy: 97.64%
SVM - Average Hinge Loss: 0.449, Accuracy: 97.64%
CNN-1D - Average Loss: 0.070, Accuracy: 97.64%
DI-CNN+ - Average Loss: 0.109, Accuracy: 96.53%
IT-KAN - Average Loss: 0.087, Accuracy: 97.64%


--- Results for: Lung squamous cell carcinoma ---

Cancer: 14
Normal: 27

Shape of features: (41, 41065)
Shape of labels: (41,)

Model: KAN
Test accuracy kfold (1/10): 80.00%
Test accuracy kfold (2/10): 75.00%
Test accuracy kfold (3/10): 100.00%
Test accuracy kfold (4/10): 100.00%
Test accuracy kfold (5/10): 100.00%
Test accuracy kfold (6/10): 100.00%
Test accuracy kfold (7/10): 100.00%
Test accuracy kfold (8/10): 100.00%
Test accuracy kfold (9/10): 100.00%
Test accuracy kfold (10/10): 100.00%

Model: MLP
Test accuracy kfold (1/10): 80.00%
Test accuracy kfold (2/10): 75.00%
Test accuracy kfold (3/10): 100.00%
Test accuracy kfold (4/10): 100.00%
Test accuracy kfold (5/10): 100.00%
Test accuracy kfold (6/10): 100.00%
Test accuracy kfold (7/10): 100.00%
Test accuracy kfold (8/10): 100.00%
Test accuracy kfold (9/10): 100.00%
Test accuracy kfold (10/10): 100.00%

Model: SVM
Test accuracy kfold (1/10): 80.00%
Test accuracy kfold (2/10): 75.00%
Test accuracy kfold (3/10): 100.00%
Test accuracy kfold (4/10): 100.00%
Test accuracy kfold (5/10): 100.00%
Test accuracy kfold (6/10): 100.00%
Test accuracy kfold (7/10): 100.00%
Test accuracy kfold (8/10): 100.00%
Test accuracy kfold (9/10): 100.00%
Test accuracy kfold (10/10): 100.00%

Model: CNN-1D
Test accuracy kfold (1/10): 100.00%
Test accuracy kfold (2/10): 75.00%
Test accuracy kfold (3/10): 100.00%
Test accuracy kfold (4/10): 100.00%
Test accuracy kfold (5/10): 100.00%
Test accuracy kfold (6/10): 100.00%
Test accuracy kfold (7/10): 100.00%
Test accuracy kfold (8/10): 100.00%
Test accuracy kfold (9/10): 100.00%
Test accuracy kfold (10/10): 100.00%

Model: DI-CNN+
Test accuracy kfold (1/10): 80.00%
Test accuracy kfold (2/10): 75.00%
Test accuracy kfold (3/10): 100.00%
Test accuracy kfold (4/10): 100.00%
Test accuracy kfold (5/10): 100.00%
Test accuracy kfold (6/10): 100.00%
Test accuracy kfold (7/10): 100.00%
Test accuracy kfold (8/10): 100.00%
Test accuracy kfold (9/10): 100.00%
Test accuracy kfold (10/10): 100.00%

Model: IT-KAN
Test accuracy kfold (1/10): 80.00%
Test accuracy kfold (2/10): 75.00%
Test accuracy kfold (3/10): 100.00%
Test accuracy kfold (4/10): 100.00%
Test accuracy kfold (5/10): 100.00%
Test accuracy kfold (6/10): 100.00%
Test accuracy kfold (7/10): 100.00%
Test accuracy kfold (8/10): 100.00%
Test accuracy kfold (9/10): 100.00%
Test accuracy kfold (10/10): 100.00%

Final Test Results
KAN - Average Loss: 0.261, Accuracy: 95.50%
MLP - Average Loss: 0.257, Accuracy: 95.50%
SVM - Average Hinge Loss: 0.705, Accuracy: 95.50%
CNN-1D - Average Loss: 0.123, Accuracy: 97.50%
DI-CNN+ - Average Loss: 0.133, Accuracy: 95.50%
IT-KAN - Average Loss: 0.201, Accuracy: 95.50%


--- Results for: Lung adenocarcinoma ---

Cancer: 58
Normal: 49

Shape of features: (107, 22283)
Shape of labels: (107,)

Model: KAN
Test accuracy kfold (1/10): 81.82%
Test accuracy kfold (2/10): 100.00%
Test accuracy kfold (3/10): 90.91%
Test accuracy kfold (4/10): 100.00%
Test accuracy kfold (5/10): 100.00%
Test accuracy kfold (6/10): 100.00%
Test accuracy kfold (7/10): 100.00%
Test accuracy kfold (8/10): 100.00%
Test accuracy kfold (9/10): 100.00%
Test accuracy kfold (10/10): 100.00%

Model: MLP
Test accuracy kfold (1/10): 81.82%
Test accuracy kfold (2/10): 100.00%
Test accuracy kfold (3/10): 100.00%
Test accuracy kfold (4/10): 100.00%
Test accuracy kfold (5/10): 100.00%
Test accuracy kfold (6/10): 100.00%
Test accuracy kfold (7/10): 100.00%
Test accuracy kfold (8/10): 100.00%
Test accuracy kfold (9/10): 100.00%
Test accuracy kfold (10/10): 100.00%

Model: SVM
Test accuracy kfold (1/10): 90.91%
Test accuracy kfold (2/10): 100.00%
Test accuracy kfold (3/10): 90.91%
Test accuracy kfold (4/10): 100.00%
Test accuracy kfold (5/10): 100.00%
Test accuracy kfold (6/10): 100.00%
Test accuracy kfold (7/10): 100.00%
Test accuracy kfold (8/10): 100.00%
Test accuracy kfold (9/10): 100.00%
Test accuracy kfold (10/10): 100.00%

Model: CNN-1D
Test accuracy kfold (1/10): 90.91%
Test accuracy kfold (2/10): 100.00%
Test accuracy kfold (3/10): 90.91%
Test accuracy kfold (4/10): 100.00%
Test accuracy kfold (5/10): 100.00%
Test accuracy kfold (6/10): 100.00%
Test accuracy kfold (7/10): 100.00%
Test accuracy kfold (8/10): 100.00%
Test accuracy kfold (9/10): 100.00%
Test accuracy kfold (10/10): 100.00%

Model: DI-CNN+
Test accuracy kfold (1/10): 81.82%
Test accuracy kfold (2/10): 100.00%
Test accuracy kfold (3/10): 90.91%
Test accuracy kfold (4/10): 100.00%
Test accuracy kfold (5/10): 100.00%
Test accuracy kfold (6/10): 100.00%
Test accuracy kfold (7/10): 100.00%
Test accuracy kfold (8/10): 100.00%
Test accuracy kfold (9/10): 100.00%
Test accuracy kfold (10/10): 100.00%

Model: IT-KAN
Test accuracy kfold (1/10): 90.91%
Test accuracy kfold (2/10): 100.00%
Test accuracy kfold (3/10): 100.00%
Test accuracy kfold (4/10): 100.00%
Test accuracy kfold (5/10): 100.00%
Test accuracy kfold (6/10): 100.00%
Test accuracy kfold (7/10): 100.00%
Test accuracy kfold (8/10): 100.00%
Test accuracy kfold (9/10): 100.00%
Test accuracy kfold (10/10): 100.00%

Final Test Results
KAN - Average Loss: 0.109, Accuracy: 97.27%
MLP - Average Loss: 0.219, Accuracy: 98.18%
SVM - Average Hinge Loss: 0.458, Accuracy: 98.18%
CNN-1D - Average Loss: 0.037, Accuracy: 98.18%
DI-CNN+ - Average Loss: 0.082, Accuracy: 97.27%
IT-KAN - Average Loss: 0.096, Accuracy: 99.09%


--- Results for: Prostate adenocarcinoma ---

Cancer: 65
Normal: 63

Shape of features: (128, 12558)
Shape of labels: (128,)

Model: KAN
Test accuracy kfold (1/10): 69.23%
Test accuracy kfold (2/10): 61.54%
Test accuracy kfold (3/10): 53.85%
Test accuracy kfold (4/10): 76.92%
Test accuracy kfold (5/10): 69.23%
Test accuracy kfold (6/10): 61.54%
Test accuracy kfold (7/10): 84.62%
Test accuracy kfold (8/10): 76.92%
Test accuracy kfold (9/10): 83.33%
Test accuracy kfold (10/10): 58.33%

Model: MLP
Test accuracy kfold (1/10): 69.23%
Test accuracy kfold (2/10): 61.54%
Test accuracy kfold (3/10): 53.85%
Test accuracy kfold (4/10): 76.92%
Test accuracy kfold (5/10): 61.54%
Test accuracy kfold (6/10): 69.23%
Test accuracy kfold (7/10): 84.62%
Test accuracy kfold (8/10): 76.92%
Test accuracy kfold (9/10): 75.00%
Test accuracy kfold (10/10): 58.33%

Model: SVM
Test accuracy kfold (1/10): 61.54%
Test accuracy kfold (2/10): 46.15%
Test accuracy kfold (3/10): 46.15%
Test accuracy kfold (4/10): 84.62%
Test accuracy kfold (5/10): 61.54%
Test accuracy kfold (6/10): 76.92%
Test accuracy kfold (7/10): 61.54%
Test accuracy kfold (8/10): 84.62%
Test accuracy kfold (9/10): 58.33%
Test accuracy kfold (10/10): 50.00%

Model: CNN-1D
Test accuracy kfold (1/10): 76.92%
Test accuracy kfold (2/10): 46.15%
Test accuracy kfold (3/10): 61.54%
Test accuracy kfold (4/10): 92.31%
Test accuracy kfold (5/10): 69.23%
Test accuracy kfold (6/10): 76.92%
Test accuracy kfold (7/10): 76.92%
Test accuracy kfold (8/10): 84.62%
Test accuracy kfold (9/10): 58.33%
Test accuracy kfold (10/10): 58.33%

Model: DI-CNN+
Test accuracy kfold (1/10): 61.54%
Test accuracy kfold (2/10): 53.85%
Test accuracy kfold (3/10): 53.85%
Test accuracy kfold (4/10): 61.54%
Test accuracy kfold (5/10): 53.85%
Test accuracy kfold (6/10): 46.15%
Test accuracy kfold (7/10): 61.54%
Test accuracy kfold (8/10): 69.23%
Test accuracy kfold (9/10): 58.33%
Test accuracy kfold (10/10): 50.00%

Model: IT-KAN
Test accuracy kfold (1/10): 69.23%
Test accuracy kfold (2/10): 46.15%
Test accuracy kfold (3/10): 53.85%
Test accuracy kfold (4/10): 76.92%
Test accuracy kfold (5/10): 69.23%
Test accuracy kfold (6/10): 76.92%
Test accuracy kfold (7/10): 84.62%
Test accuracy kfold (8/10): 76.92%
Test accuracy kfold (9/10): 75.00%
Test accuracy kfold (10/10): 58.33%

Final Test Results
KAN - Average Loss: 0.603, Accuracy: 69.55%
MLP - Average Loss: 0.602, Accuracy: 68.72%
SVM - Average Hinge Loss: 0.688, Accuracy: 63.14%
CNN-1D - Average Loss: 0.690, Accuracy: 70.13%
DI-CNN+ - Average Loss: 0.940, Accuracy: 56.99%
IT-KAN - Average Loss: 0.595, Accuracy: 68.72%


--- Results for: Rectum adenocarcinoma ---

Cancer: 65
Normal: 65

Shape of features: (130, 40645)
Shape of labels: (130,)

Model: KAN
Test accuracy kfold (1/10): 100.00%
Test accuracy kfold (2/10): 100.00%
Test accuracy kfold (3/10): 100.00%
Test accuracy kfold (4/10): 100.00%
Test accuracy kfold (5/10): 100.00%
Test accuracy kfold (6/10): 100.00%
Test accuracy kfold (7/10): 100.00%
Test accuracy kfold (8/10): 100.00%
Test accuracy kfold (9/10): 100.00%
Test accuracy kfold (10/10): 100.00%

Model: MLP
Test accuracy kfold (1/10): 100.00%
Test accuracy kfold (2/10): 100.00%
Test accuracy kfold (3/10): 100.00%
Test accuracy kfold (4/10): 100.00%
Test accuracy kfold (5/10): 100.00%
Test accuracy kfold (6/10): 100.00%
Test accuracy kfold (7/10): 100.00%
Test accuracy kfold (8/10): 100.00%
Test accuracy kfold (9/10): 100.00%
Test accuracy kfold (10/10): 100.00%

Model: SVM
Test accuracy kfold (1/10): 100.00%
Test accuracy kfold (2/10): 100.00%
Test accuracy kfold (3/10): 100.00%
Test accuracy kfold (4/10): 100.00%
Test accuracy kfold (5/10): 100.00%
Test accuracy kfold (6/10): 100.00%
Test accuracy kfold (7/10): 100.00%
Test accuracy kfold (8/10): 100.00%
Test accuracy kfold (9/10): 100.00%
Test accuracy kfold (10/10): 100.00%

Model: CNN-1D
Test accuracy kfold (1/10): 100.00%
Test accuracy kfold (2/10): 100.00%
Test accuracy kfold (3/10): 100.00%
Test accuracy kfold (4/10): 100.00%
Test accuracy kfold (5/10): 100.00%
Test accuracy kfold (6/10): 100.00%
Test accuracy kfold (7/10): 100.00%
Test accuracy kfold (8/10): 100.00%
Test accuracy kfold (9/10): 100.00%
Test accuracy kfold (10/10): 100.00%

Model: DI-CNN+
Test accuracy kfold (1/10): 100.00%
Test accuracy kfold (2/10): 100.00%
Test accuracy kfold (3/10): 100.00%
Test accuracy kfold (4/10): 100.00%
Test accuracy kfold (5/10): 100.00%
Test accuracy kfold (6/10): 100.00%
Test accuracy kfold (7/10): 100.00%
Test accuracy kfold (8/10): 100.00%
Test accuracy kfold (9/10): 100.00%
Test accuracy kfold (10/10): 100.00%

Model: IT-KAN
Test accuracy kfold (1/10): 100.00%
Test accuracy kfold (2/10): 100.00%
Test accuracy kfold (3/10): 100.00%
Test accuracy kfold (4/10): 100.00%
Test accuracy kfold (5/10): 100.00%
Test accuracy kfold (6/10): 100.00%
Test accuracy kfold (7/10): 100.00%
Test accuracy kfold (8/10): 100.00%
Test accuracy kfold (9/10): 100.00%
Test accuracy kfold (10/10): 100.00%

Final Test Results
KAN - Average Loss: 0.034, Accuracy: 100.00%
MLP - Average Loss: 0.024, Accuracy: 100.00%
SVM - Average Hinge Loss: 0.500, Accuracy: 100.00%
CNN-1D - Average Loss: 0.011, Accuracy: 100.00%
DI-CNN+ - Average Loss: 0.019, Accuracy: 100.00%
IT-KAN - Average Loss: 0.030, Accuracy: 100.00%


--- Results for: Stomach adenocarcinoma ---

Cancer: 21
Normal: 8

Shape of features: (29, 7129)
Shape of labels: (29,)

Model: KAN
Test accuracy kfold (1/10): 66.67%
Test accuracy kfold (2/10): 100.00%
Test accuracy kfold (3/10): 100.00%
Test accuracy kfold (4/10): 100.00%
Test accuracy kfold (5/10): 100.00%
Test accuracy kfold (6/10): 100.00%
Test accuracy kfold (7/10): 100.00%
Test accuracy kfold (8/10): 100.00%
Test accuracy kfold (9/10): 100.00%
Test accuracy kfold (10/10): 100.00%

Model: MLP
Test accuracy kfold (1/10): 66.67%
Test accuracy kfold (2/10): 100.00%
Test accuracy kfold (3/10): 100.00%
Test accuracy kfold (4/10): 100.00%
Test accuracy kfold (5/10): 100.00%
Test accuracy kfold (6/10): 100.00%
Test accuracy kfold (7/10): 100.00%
Test accuracy kfold (8/10): 100.00%
Test accuracy kfold (9/10): 100.00%
Test accuracy kfold (10/10): 100.00%

Model: SVM
Test accuracy kfold (1/10): 66.67%
Test accuracy kfold (2/10): 100.00%
Test accuracy kfold (3/10): 100.00%
Test accuracy kfold (4/10): 100.00%
Test accuracy kfold (5/10): 100.00%
Test accuracy kfold (6/10): 100.00%
Test accuracy kfold (7/10): 100.00%
Test accuracy kfold (8/10): 100.00%
Test accuracy kfold (9/10): 100.00%
Test accuracy kfold (10/10): 100.00%

Model: CNN-1D
Test accuracy kfold (1/10): 66.67%
Test accuracy kfold (2/10): 66.67%
Test accuracy kfold (3/10): 100.00%
Test accuracy kfold (4/10): 100.00%
Test accuracy kfold (5/10): 100.00%
Test accuracy kfold (6/10): 100.00%
Test accuracy kfold (7/10): 100.00%
Test accuracy kfold (8/10): 66.67%
Test accuracy kfold (9/10): 100.00%
Test accuracy kfold (10/10): 100.00%

Model: DI-CNN+
Test accuracy kfold (1/10): 100.00%
Test accuracy kfold (2/10): 100.00%
Test accuracy kfold (3/10): 100.00%
Test accuracy kfold (4/10): 100.00%
Test accuracy kfold (5/10): 100.00%
Test accuracy kfold (6/10): 100.00%
Test accuracy kfold (7/10): 100.00%
Test accuracy kfold (8/10): 100.00%
Test accuracy kfold (9/10): 100.00%
Test accuracy kfold (10/10): 100.00%

Model: IT-KAN
Test accuracy kfold (1/10): 100.00%
Test accuracy kfold (2/10): 100.00%
Test accuracy kfold (3/10): 100.00%
Test accuracy kfold (4/10): 100.00%
Test accuracy kfold (5/10): 100.00%
Test accuracy kfold (6/10): 100.00%
Test accuracy kfold (7/10): 100.00%
Test accuracy kfold (8/10): 100.00%
Test accuracy kfold (9/10): 100.00%
Test accuracy kfold (10/10): 100.00%

Final Test Results
KAN - Average Loss: 0.328, Accuracy: 96.67%
MLP - Average Loss: 0.319, Accuracy: 96.67%
SVM - Average Hinge Loss: 0.267, Accuracy: 96.67%
CNN-1D - Average Loss: 0.185, Accuracy: 90.00%
DI-CNN+ - Average Loss: 0.147, Accuracy: 100.00%
IT-KAN - Average Loss: 0.241, Accuracy: 100.00%


--- Results for: Thyroid carcinoma ---

Cancer: 60
Normal: 45

Shape of features: (105, 54675)
Shape of labels: (105,)

Model: KAN
Test accuracy kfold (1/10): 100.00%
Test accuracy kfold (2/10): 90.91%
Test accuracy kfold (3/10): 90.91%
Test accuracy kfold (4/10): 100.00%
Test accuracy kfold (5/10): 90.91%
Test accuracy kfold (6/10): 90.00%
Test accuracy kfold (7/10): 100.00%
Test accuracy kfold (8/10): 100.00%
Test accuracy kfold (9/10): 100.00%
Test accuracy kfold (10/10): 100.00%

Model: MLP
Test accuracy kfold (1/10): 100.00%
Test accuracy kfold (2/10): 90.91%
Test accuracy kfold (3/10): 90.91%
Test accuracy kfold (4/10): 100.00%
Test accuracy kfold (5/10): 90.91%
Test accuracy kfold (6/10): 90.00%
Test accuracy kfold (7/10): 100.00%
Test accuracy kfold (8/10): 100.00%
Test accuracy kfold (9/10): 100.00%
Test accuracy kfold (10/10): 100.00%

Model: SVM
Test accuracy kfold (1/10): 100.00%
Test accuracy kfold (2/10): 90.91%
Test accuracy kfold (3/10): 90.91%
Test accuracy kfold (4/10): 100.00%
Test accuracy kfold (5/10): 90.91%
Test accuracy kfold (6/10): 100.00%
Test accuracy kfold (7/10): 100.00%
Test accuracy kfold (8/10): 100.00%
Test accuracy kfold (9/10): 100.00%
Test accuracy kfold (10/10): 100.00%

Model: CNN-1D
Test accuracy kfold (1/10): 100.00%
Test accuracy kfold (2/10): 90.91%
Test accuracy kfold (3/10): 90.91%
Test accuracy kfold (4/10): 100.00%
Test accuracy kfold (5/10): 90.91%
Test accuracy kfold (6/10): 100.00%
Test accuracy kfold (7/10): 100.00%
Test accuracy kfold (8/10): 100.00%
Test accuracy kfold (9/10): 100.00%
Test accuracy kfold (10/10): 100.00%

Model: DI-CNN+
Test accuracy kfold (1/10): 100.00%
Test accuracy kfold (2/10): 90.91%
Test accuracy kfold (3/10): 90.91%
Test accuracy kfold (4/10): 100.00%
Test accuracy kfold (5/10): 90.91%
Test accuracy kfold (6/10): 100.00%
Test accuracy kfold (7/10): 100.00%
Test accuracy kfold (8/10): 100.00%
Test accuracy kfold (9/10): 100.00%
Test accuracy kfold (10/10): 100.00%

Model: IT-KAN
Test accuracy kfold (1/10): 100.00%
Test accuracy kfold (2/10): 90.91%
Test accuracy kfold (3/10): 90.91%
Test accuracy kfold (4/10): 100.00%
Test accuracy kfold (5/10): 90.91%
Test accuracy kfold (6/10): 90.00%
Test accuracy kfold (7/10): 100.00%
Test accuracy kfold (8/10): 100.00%
Test accuracy kfold (9/10): 100.00%
Test accuracy kfold (10/10): 100.00%

Final Test Results
KAN - Average Loss: 0.161, Accuracy: 96.27%
MLP - Average Loss: 0.168, Accuracy: 96.27%
SVM - Average Hinge Loss: 0.445, Accuracy: 97.27%
CNN-1D - Average Loss: 0.181, Accuracy: 97.27%
DI-CNN+ - Average Loss: 0.148, Accuracy: 97.27%
IT-KAN - Average Loss: 0.159, Accuracy: 96.27%


--- Results for: Uterine Corpus Endometrial Carcinoma ---

Cancer: 79
Normal: 12

Shape of features: (91, 54675)
Shape of labels: (91,)

Model: KAN
Test accuracy kfold (1/10): 100.00%
Test accuracy kfold (2/10): 100.00%
Test accuracy kfold (3/10): 100.00%
Test accuracy kfold (4/10): 100.00%
Test accuracy kfold (5/10): 100.00%
Test accuracy kfold (6/10): 100.00%
Test accuracy kfold (7/10): 100.00%
Test accuracy kfold (8/10): 100.00%
Test accuracy kfold (9/10): 100.00%
Test accuracy kfold (10/10): 100.00%

Model: MLP
Test accuracy kfold (1/10): 100.00%
Test accuracy kfold (2/10): 100.00%
Test accuracy kfold (3/10): 100.00%
Test accuracy kfold (4/10): 100.00%
Test accuracy kfold (5/10): 100.00%
Test accuracy kfold (6/10): 88.89%
Test accuracy kfold (7/10): 100.00%
Test accuracy kfold (8/10): 100.00%
Test accuracy kfold (9/10): 100.00%
Test accuracy kfold (10/10): 100.00%

Model: SVM
Test accuracy kfold (1/10): 100.00%
Test accuracy kfold (2/10): 100.00%
Test accuracy kfold (3/10): 100.00%
Test accuracy kfold (4/10): 100.00%
Test accuracy kfold (5/10): 100.00%
Test accuracy kfold (6/10): 100.00%
Test accuracy kfold (7/10): 100.00%
Test accuracy kfold (8/10): 100.00%
Test accuracy kfold (9/10): 100.00%
Test accuracy kfold (10/10): 100.00%

Model: CNN-1D
Test accuracy kfold (1/10): 100.00%
Test accuracy kfold (2/10): 100.00%
Test accuracy kfold (3/10): 100.00%
Test accuracy kfold (4/10): 100.00%
Test accuracy kfold (5/10): 100.00%
Test accuracy kfold (6/10): 100.00%
Test accuracy kfold (7/10): 100.00%
Test accuracy kfold (8/10): 100.00%
Test accuracy kfold (9/10): 100.00%
Test accuracy kfold (10/10): 100.00%

Model: DI-CNN+
Test accuracy kfold (1/10): 100.00%
Test accuracy kfold (2/10): 100.00%
Test accuracy kfold (3/10): 100.00%
Test accuracy kfold (4/10): 100.00%
Test accuracy kfold (5/10): 100.00%
Test accuracy kfold (6/10): 88.89%
Test accuracy kfold (7/10): 100.00%
Test accuracy kfold (8/10): 100.00%
Test accuracy kfold (9/10): 100.00%
Test accuracy kfold (10/10): 100.00%

Model: IT-KAN
Test accuracy kfold (1/10): 100.00%
Test accuracy kfold (2/10): 100.00%
Test accuracy kfold (3/10): 100.00%
Test accuracy kfold (4/10): 100.00%
Test accuracy kfold (5/10): 100.00%
Test accuracy kfold (6/10): 100.00%
Test accuracy kfold (7/10): 100.00%
Test accuracy kfold (8/10): 100.00%
Test accuracy kfold (9/10): 100.00%
Test accuracy kfold (10/10): 100.00%

Final Test Results
KAN - Average Loss: 0.154, Accuracy: 100.00%
MLP - Average Loss: 0.213, Accuracy: 98.89%
SVM - Average Hinge Loss: 0.131, Accuracy: 100.00%
CNN-1D - Average Loss: 0.044, Accuracy: 100.00%
DI-CNN+ - Average Loss: 0.065, Accuracy: 98.89%
IT-KAN - Average Loss: 0.118, Accuracy: 100.00%

