
FUSION RESULTS (SVM + IT-KAN)

--- Results for: Bladder Urothelial Carcinoma ---

Fusion accuracy kfold (1/10): 100.00%
Fusion accuracy kfold (2/10): 100.00%
Fusion accuracy kfold (3/10): 94.44%
Fusion accuracy kfold (4/10): 94.44%
Fusion accuracy kfold (5/10): 100.00%
Fusion accuracy kfold (6/10): 100.00%
Fusion accuracy kfold (7/10): 100.00%
Fusion accuracy kfold (8/10): 100.00%
Fusion accuracy kfold (9/10): 94.12%
Fusion accuracy kfold (10/10): 100.00%

Final fusion accuracy: 98.30% (SEM: 0.0087)

Fusion overall AUC (out-of-fold): 0.976
Fusion error under ROC (%):       2.424


--- Results for: Breast invasive carcinoma cancer ---

Fusion accuracy kfold (1/10): 90.91%
Fusion accuracy kfold (2/10): 90.91%
Fusion accuracy kfold (3/10): 100.00%
Fusion accuracy kfold (4/10): 72.73%
Fusion accuracy kfold (5/10): 100.00%
Fusion accuracy kfold (6/10): 72.73%
Fusion accuracy kfold (7/10): 90.91%
Fusion accuracy kfold (8/10): 81.82%
Fusion accuracy kfold (9/10): 90.00%
Fusion accuracy kfold (10/10): 90.00%

Final fusion accuracy: 88.00% (SEM: 0.0303)

Fusion overall AUC (out-of-fold): 0.922
Fusion error under ROC (%):       7.778


--- Results for: Breast cancer ---

Fusion accuracy kfold (1/10): 98.25%
Fusion accuracy kfold (2/10): 97.37%
Fusion accuracy kfold (3/10): 100.00%
Fusion accuracy kfold (4/10): 100.00%
Fusion accuracy kfold (5/10): 100.00%
Fusion accuracy kfold (6/10): 99.12%
Fusion accuracy kfold (7/10): 100.00%
Fusion accuracy kfold (8/10): 100.00%
Fusion accuracy kfold (9/10): 100.00%
Fusion accuracy kfold (10/10): 99.12%

Final fusion accuracy: 99.39% (SEM: 0.0029)

Fusion overall AUC (out-of-fold): 0.998
Fusion error under ROC (%):       0.157


--- Results for: Colon adenocarcinoma ---

Fusion accuracy kfold (1/10): 100.00%
Fusion accuracy kfold (2/10): 100.00%
Fusion accuracy kfold (3/10): 100.00%
Fusion accuracy kfold (4/10): 100.00%
Fusion accuracy kfold (5/10): 100.00%
Fusion accuracy kfold (6/10): 100.00%
Fusion accuracy kfold (7/10): 100.00%
Fusion accuracy kfold (8/10): 100.00%
Fusion accuracy kfold (9/10): 100.00%
Fusion accuracy kfold (10/10): 100.00%

Final fusion accuracy: 100.00% (SEM: 0.0000)

Fusion overall AUC (out-of-fold): 1.000
Fusion error under ROC (%):       0.000


--- Results for: Esophageal carcinoma ---

Fusion accuracy kfold (1/10): 100.00%
Fusion accuracy kfold (2/10): 100.00%
Fusion accuracy kfold (3/10): 100.00%
Fusion accuracy kfold (4/10): 100.00%
Fusion accuracy kfold (5/10): 100.00%
Fusion accuracy kfold (6/10): 100.00%
Fusion accuracy kfold (7/10): 100.00%
Fusion accuracy kfold (8/10): 100.00%
Fusion accuracy kfold (9/10): 100.00%
Fusion accuracy kfold (10/10): 100.00%

Final fusion accuracy: 100.00% (SEM: 0.0000)

Fusion overall AUC (out-of-fold): 1.000
Fusion error under ROC (%):       0.000


--- Results for: Head and Neck squamous cell carcinoma ---

Fusion accuracy kfold (1/10): 100.00%
Fusion accuracy kfold (2/10): 80.00%
Fusion accuracy kfold (3/10): 80.00%
Fusion accuracy kfold (4/10): 80.00%
Fusion accuracy kfold (5/10): 100.00%
Fusion accuracy kfold (6/10): 100.00%
Fusion accuracy kfold (7/10): 75.00%
Fusion accuracy kfold (8/10): 100.00%
Fusion accuracy kfold (9/10): 100.00%
Fusion accuracy kfold (10/10): 100.00%

Final fusion accuracy: 91.50% (SEM: 0.0350)

Fusion overall AUC (out-of-fold): 0.986
Fusion error under ROC (%):       1.446


--- Results for: Kidney Chromophobe ---

Fusion accuracy kfold (1/10): 100.00%
Fusion accuracy kfold (2/10): 100.00%
Fusion accuracy kfold (3/10): 100.00%
Fusion accuracy kfold (4/10): 100.00%
Fusion accuracy kfold (5/10): 100.00%
Fusion accuracy kfold (6/10): 100.00%
Fusion accuracy kfold (7/10): 100.00%
Fusion accuracy kfold (8/10): 100.00%
Fusion accuracy kfold (9/10): 100.00%
Fusion accuracy kfold (10/10): 100.00%

Final fusion accuracy: 100.00% (SEM: 0.0000)

Fusion overall AUC (out-of-fold): 1.000
Fusion error under ROC (%):       0.000


--- Results for: Kidney renal clear cell carcinoma ---

Fusion accuracy kfold (1/10): 100.00%
Fusion accuracy kfold (2/10): 100.00%
Fusion accuracy kfold (3/10): 100.00%
Fusion accuracy kfold (4/10): 100.00%
Fusion accuracy kfold (5/10): 100.00%
Fusion accuracy kfold (6/10): 100.00%
Fusion accuracy kfold (7/10): 100.00%
Fusion accuracy kfold (8/10): 100.00%
Fusion accuracy kfold (9/10): 100.00%
Fusion accuracy kfold (10/10): 100.00%

Final fusion accuracy: 100.00% (SEM: 0.0000)

Fusion overall AUC (out-of-fold): 1.000
Fusion error under ROC (%):       0.000


--- Results for: Kidney renal papillary cell carcinoma ---

Fusion accuracy kfold (1/10): 100.00%
Fusion accuracy kfold (2/10): 100.00%
Fusion accuracy kfold (3/10): 100.00%
Fusion accuracy kfold (4/10): 100.00%
Fusion accuracy kfold (5/10): 100.00%
Fusion accuracy kfold (6/10): 100.00%
Fusion accuracy kfold (7/10): 100.00%
Fusion accuracy kfold (8/10): 100.00%
Fusion accuracy kfold (9/10): 100.00%
Fusion accuracy kfold (10/10): 100.00%

Final fusion accuracy: 100.00% (SEM: 0.0000)

Fusion overall AUC (out-of-fold): 1.000
Fusion error under ROC (%):       0.000


--- Results for: Liver hepatocellular carcinoma ---

Fusion accuracy kfold (1/10): 100.00%
Fusion accuracy kfold (2/10): 77.78%
Fusion accuracy kfold (3/10): 100.00%
Fusion accuracy kfold (4/10): 100.00%
Fusion accuracy kfold (5/10): 100.00%
Fusion accuracy kfold (6/10): 100.00%
Fusion accuracy kfold (7/10): 100.00%
Fusion accuracy kfold (8/10): 100.00%
Fusion accuracy kfold (9/10): 100.00%
Fusion accuracy kfold (10/10): 100.00%

Final fusion accuracy: 97.78% (SEM: 0.0222)

Fusion overall AUC (out-of-fold): 0.993
Fusion error under ROC (%):       0.748


--- Results for: Lung squamous cell carcinoma ---

Fusion accuracy kfold (1/10): 100.00%
Fusion accuracy kfold (2/10): 75.00%
Fusion accuracy kfold (3/10): 100.00%
Fusion accuracy kfold (4/10): 100.00%
Fusion accuracy kfold (5/10): 100.00%
Fusion accuracy kfold (6/10): 100.00%
Fusion accuracy kfold (7/10): 100.00%
Fusion accuracy kfold (8/10): 100.00%
Fusion accuracy kfold (9/10): 100.00%
Fusion accuracy kfold (10/10): 100.00%

Final fusion accuracy: 97.50% (SEM: 0.0250)

Fusion overall AUC (out-of-fold): 0.979
Fusion error under ROC (%):       2.116


--- Results for: Lung adenocarcinoma ---

Fusion accuracy kfold (1/10): 90.91%
Fusion accuracy kfold (2/10): 100.00%
Fusion accuracy kfold (3/10): 100.00%
Fusion accuracy kfold (4/10): 100.00%
Fusion accuracy kfold (5/10): 90.91%
Fusion accuracy kfold (6/10): 100.00%
Fusion accuracy kfold (7/10): 100.00%
Fusion accuracy kfold (8/10): 100.00%
Fusion accuracy kfold (9/10): 100.00%
Fusion accuracy kfold (10/10): 100.00%

Final fusion accuracy: 98.18% (SEM: 0.0121)

Fusion overall AUC (out-of-fold): 1.000
Fusion error under ROC (%):       0.035


--- Results for: Prostate adenocarcinoma ---

Fusion accuracy kfold (1/10): 69.23%
Fusion accuracy kfold (2/10): 69.23%
Fusion accuracy kfold (3/10): 53.85%
Fusion accuracy kfold (4/10): 92.31%
Fusion accuracy kfold (5/10): 84.62%
Fusion accuracy kfold (6/10): 53.85%
Fusion accuracy kfold (7/10): 84.62%
Fusion accuracy kfold (8/10): 53.85%
Fusion accuracy kfold (9/10): 75.00%
Fusion accuracy kfold (10/10): 58.33%

Final fusion accuracy: 69.49% (SEM: 0.0456)

Fusion overall AUC (out-of-fold): 0.708
Fusion error under ROC (%):       29.158


--- Results for: Rectum adenocarcinoma ---

Fusion accuracy kfold (1/10): 100.00%
Fusion accuracy kfold (2/10): 100.00%
Fusion accuracy kfold (3/10): 100.00%
Fusion accuracy kfold (4/10): 100.00%
Fusion accuracy kfold (5/10): 100.00%
Fusion accuracy kfold (6/10): 100.00%
Fusion accuracy kfold (7/10): 100.00%
Fusion accuracy kfold (8/10): 100.00%
Fusion accuracy kfold (9/10): 100.00%
Fusion accuracy kfold (10/10): 100.00%

Final fusion accuracy: 100.00% (SEM: 0.0000)

Fusion overall AUC (out-of-fold): 1.000
Fusion error under ROC (%):       0.000


--- Results for: Stomach adenocarcinoma ---

Fusion accuracy kfold (1/10): 66.67%
Fusion accuracy kfold (2/10): 100.00%
Fusion accuracy kfold (3/10): 100.00%
Fusion accuracy kfold (4/10): 100.00%
Fusion accuracy kfold (5/10): 100.00%
Fusion accuracy kfold (6/10): 100.00%
Fusion accuracy kfold (7/10): 100.00%
Fusion accuracy kfold (8/10): 100.00%
Fusion accuracy kfold (9/10): 100.00%
Fusion accuracy kfold (10/10): 100.00%

Final fusion accuracy: 96.67% (SEM: 0.0333)

Fusion overall AUC (out-of-fold): 1.000
Fusion error under ROC (%):       0.000


--- Results for: Thyroid carcinoma ---

Fusion accuracy kfold (1/10): 100.00%
Fusion accuracy kfold (2/10): 90.91%
Fusion accuracy kfold (3/10): 90.91%
Fusion accuracy kfold (4/10): 100.00%
Fusion accuracy kfold (5/10): 90.91%
Fusion accuracy kfold (6/10): 90.00%
Fusion accuracy kfold (7/10): 100.00%
Fusion accuracy kfold (8/10): 100.00%
Fusion accuracy kfold (9/10): 100.00%
Fusion accuracy kfold (10/10): 100.00%

Final fusion accuracy: 96.27% (SEM: 0.0152)

Fusion overall AUC (out-of-fold): 0.960
Fusion error under ROC (%):       3.963


--- Results for: Uterine Corpus Endometrial Carcinoma ---

Fusion accuracy kfold (1/10): 100.00%
Fusion accuracy kfold (2/10): 100.00%
Fusion accuracy kfold (3/10): 100.00%
Fusion accuracy kfold (4/10): 100.00%
Fusion accuracy kfold (5/10): 100.00%
Fusion accuracy kfold (6/10): 100.00%
Fusion accuracy kfold (7/10): 100.00%
Fusion accuracy kfold (8/10): 100.00%
Fusion accuracy kfold (9/10): 100.00%
Fusion accuracy kfold (10/10): 100.00%

Final fusion accuracy: 100.00% (SEM: 0.0000)

Fusion overall AUC (out-of-fold): 1.000
Fusion error under ROC (%):       0.000

