
MODEL RESULTS

--- Results for: Bladder Urothelial Carcinoma ---

Cancer: 165
Normal: 10

Shape of features: (175, 43148)
Shape of labels: (175,)

Model: KAN
Test accuracy kfold (1/10): 100.00%
Test accuracy kfold (2/10): 100.00%
Test accuracy kfold (3/10): 94.44%
Test accuracy kfold (4/10): 94.44%
Test accuracy kfold (5/10): 94.44%
Test accuracy kfold (6/10): 100.00%
Test accuracy kfold (7/10): 100.00%
Test accuracy kfold (8/10): 100.00%
Test accuracy kfold (9/10): 94.12%
Test accuracy kfold (10/10): 100.00%

Model: MLP
Test accuracy kfold (1/10): 100.00%
Test accuracy kfold (2/10): 100.00%
Test accuracy kfold (3/10): 94.44%
Test accuracy kfold (4/10): 94.44%
Test accuracy kfold (5/10): 100.00%
Test accuracy kfold (6/10): 100.00%
Test accuracy kfold (7/10): 94.12%
Test accuracy kfold (8/10): 100.00%
Test accuracy kfold (9/10): 94.12%
Test accuracy kfold (10/10): 100.00%

Model: SVM
Test accuracy kfold (1/10): 100.00%
Test accuracy kfold (2/10): 100.00%
Test accuracy kfold (3/10): 94.44%
Test accuracy kfold (4/10): 94.44%
Test accuracy kfold (5/10): 100.00%
Test accuracy kfold (6/10): 100.00%
Test accuracy kfold (7/10): 100.00%
Test accuracy kfold (8/10): 100.00%
Test accuracy kfold (9/10): 94.12%
Test accuracy kfold (10/10): 100.00%

Model: CNN-1D
Test accuracy kfold (1/10): 100.00%
Test accuracy kfold (2/10): 100.00%
Test accuracy kfold (3/10): 94.44%
Test accuracy kfold (4/10): 100.00%
Test accuracy kfold (5/10): 100.00%
Test accuracy kfold (6/10): 100.00%
Test accuracy kfold (7/10): 100.00%
Test accuracy kfold (8/10): 100.00%
Test accuracy kfold (9/10): 94.12%
Test accuracy kfold (10/10): 100.00%

Model: DI-CNN+
Test accuracy kfold (1/10): 100.00%
Test accuracy kfold (2/10): 100.00%
Test accuracy kfold (3/10): 94.44%
Test accuracy kfold (4/10): 94.44%
Test accuracy kfold (5/10): 94.44%
Test accuracy kfold (6/10): 94.12%
Test accuracy kfold (7/10): 94.12%
Test accuracy kfold (8/10): 100.00%
Test accuracy kfold (9/10): 94.12%
Test accuracy kfold (10/10): 100.00%

Model: IT-KAN
Test accuracy kfold (1/10): 100.00%
Test accuracy kfold (2/10): 100.00%
Test accuracy kfold (3/10): 94.44%
Test accuracy kfold (4/10): 94.44%
Test accuracy kfold (5/10): 100.00%
Test accuracy kfold (6/10): 100.00%
Test accuracy kfold (7/10): 100.00%
Test accuracy kfold (8/10): 100.00%
Test accuracy kfold (9/10): 94.12%
Test accuracy kfold (10/10): 100.00%

Final Test Results
KAN - Average Loss: 0.043, Accuracy: 97.75%
MLP - Average Loss: 0.048, Accuracy: 97.71%
SVM - Average Hinge Loss: 0.057, Accuracy: 98.30%
CNN-1D - Average Loss: 0.045, Accuracy: 98.86%
DI-CNN+ - Average Loss: 0.082, Accuracy: 96.57%
IT-KAN - Average Loss: 0.059, Accuracy: 98.30%


--- Results for: Breast invasive carcinoma cancer ---

Cancer: 61
Normal: 47

Shape of features: (108, 33297)
Shape of labels: (108,)

Model: KAN
Test accuracy kfold (1/10): 90.91%
Test accuracy kfold (2/10): 90.91%
Test accuracy kfold (3/10): 100.00%
Test accuracy kfold (4/10): 81.82%
Test accuracy kfold (5/10): 90.91%
Test accuracy kfold (6/10): 81.82%
Test accuracy kfold (7/10): 81.82%
Test accuracy kfold (8/10): 81.82%
Test accuracy kfold (9/10): 90.00%
Test accuracy kfold (10/10): 90.00%

Model: MLP
Test accuracy kfold (1/10): 100.00%
Test accuracy kfold (2/10): 90.91%
Test accuracy kfold (3/10): 100.00%
Test accuracy kfold (4/10): 72.73%
Test accuracy kfold (5/10): 90.91%
Test accuracy kfold (6/10): 81.82%
Test accuracy kfold (7/10): 81.82%
Test accuracy kfold (8/10): 81.82%
Test accuracy kfold (9/10): 90.00%
Test accuracy kfold (10/10): 90.00%

Model: SVM
Test accuracy kfold (1/10): 81.82%
Test accuracy kfold (2/10): 90.91%
Test accuracy kfold (3/10): 100.00%
Test accuracy kfold (4/10): 54.55%
Test accuracy kfold (5/10): 100.00%
Test accuracy kfold (6/10): 81.82%
Test accuracy kfold (7/10): 90.91%
Test accuracy kfold (8/10): 81.82%
Test accuracy kfold (9/10): 90.00%
Test accuracy kfold (10/10): 90.00%

Model: CNN-1D
Test accuracy kfold (1/10): 81.82%
Test accuracy kfold (2/10): 90.91%
Test accuracy kfold (3/10): 100.00%
Test accuracy kfold (4/10): 72.73%
Test accuracy kfold (5/10): 100.00%
Test accuracy kfold (6/10): 81.82%
Test accuracy kfold (7/10): 81.82%
Test accuracy kfold (8/10): 72.73%
Test accuracy kfold (9/10): 80.00%
Test accuracy kfold (10/10): 90.00%

Model: DI-CNN+
Test accuracy kfold (1/10): 81.82%
Test accuracy kfold (2/10): 90.91%
Test accuracy kfold (3/10): 90.91%
Test accuracy kfold (4/10): 72.73%
Test accuracy kfold (5/10): 90.91%
Test accuracy kfold (6/10): 81.82%
Test accuracy kfold (7/10): 81.82%
Test accuracy kfold (8/10): 81.82%
Test accuracy kfold (9/10): 90.00%
Test accuracy kfold (10/10): 90.00%

Model: IT-KAN
Test accuracy kfold (1/10): 90.91%
Test accuracy kfold (2/10): 81.82%
Test accuracy kfold (3/10): 100.00%
Test accuracy kfold (4/10): 72.73%
Test accuracy kfold (5/10): 100.00%
Test accuracy kfold (6/10): 72.73%
Test accuracy kfold (7/10): 90.91%
Test accuracy kfold (8/10): 81.82%
Test accuracy kfold (9/10): 90.00%
Test accuracy kfold (10/10): 90.00%

Final Test Results
KAN - Average Loss: 0.434, Accuracy: 88.00%
MLP - Average Loss: 0.396, Accuracy: 88.00%
SVM - Average Hinge Loss: 0.516, Accuracy: 86.18%
CNN-1D - Average Loss: 0.490, Accuracy: 85.18%
DI-CNN+ - Average Loss: 0.382, Accuracy: 85.27%
IT-KAN - Average Loss: 0.451, Accuracy: 87.09%


--- Results for: Breast cancer ---

Cancer: 1039
Normal: 99

Shape of features: (1138, 20325)
Shape of labels: (1138,)

Model: KAN
Test accuracy kfold (1/10): 98.25%
Test accuracy kfold (2/10): 96.49%
Test accuracy kfold (3/10): 99.12%
Test accuracy kfold (4/10): 100.00%
Test accuracy kfold (5/10): 100.00%
Test accuracy kfold (6/10): 99.12%
Test accuracy kfold (7/10): 100.00%
Test accuracy kfold (8/10): 99.12%
Test accuracy kfold (9/10): 100.00%
Test accuracy kfold (10/10): 99.12%

Model: MLP
Test accuracy kfold (1/10): 99.12%
Test accuracy kfold (2/10): 98.25%
Test accuracy kfold (3/10): 97.37%
Test accuracy kfold (4/10): 100.00%
Test accuracy kfold (5/10): 100.00%
Test accuracy kfold (6/10): 99.12%
Test accuracy kfold (7/10): 100.00%
Test accuracy kfold (8/10): 99.12%
Test accuracy kfold (9/10): 100.00%
Test accuracy kfold (10/10): 100.00%

Model: SVM
Test accuracy kfold (1/10): 98.25%
Test accuracy kfold (2/10): 96.49%
Test accuracy kfold (3/10): 100.00%
Test accuracy kfold (4/10): 100.00%
Test accuracy kfold (5/10): 100.00%
Test accuracy kfold (6/10): 99.12%
Test accuracy kfold (7/10): 100.00%
Test accuracy kfold (8/10): 100.00%
Test accuracy kfold (9/10): 100.00%
Test accuracy kfold (10/10): 100.00%

Model: CNN-1D
Test accuracy kfold (1/10): 97.37%
Test accuracy kfold (2/10): 96.49%
Test accuracy kfold (3/10): 97.37%
Test accuracy kfold (4/10): 100.00%
Test accuracy kfold (5/10): 98.25%
Test accuracy kfold (6/10): 99.12%
Test accuracy kfold (7/10): 100.00%
Test accuracy kfold (8/10): 100.00%
Test accuracy kfold (9/10): 100.00%
Test accuracy kfold (10/10): 99.12%

Model: DI-CNN+
Test accuracy kfold (1/10): 97.37%
Test accuracy kfold (2/10): 96.49%
Test accuracy kfold (3/10): 100.00%
Test accuracy kfold (4/10): 100.00%
Test accuracy kfold (5/10): 98.25%
Test accuracy kfold (6/10): 100.00%
Test accuracy kfold (7/10): 99.12%
Test accuracy kfold (8/10): 100.00%
Test accuracy kfold (9/10): 100.00%
Test accuracy kfold (10/10): 99.12%

Model: IT-KAN
Test accuracy kfold (1/10): 98.25%
Test accuracy kfold (2/10): 97.37%
Test accuracy kfold (3/10): 100.00%
Test accuracy kfold (4/10): 100.00%
Test accuracy kfold (5/10): 100.00%
Test accuracy kfold (6/10): 100.00%
Test accuracy kfold (7/10): 99.12%
Test accuracy kfold (8/10): 99.12%
Test accuracy kfold (9/10): 100.00%
Test accuracy kfold (10/10): 98.23%

Final Test Results
KAN - Average Loss: 0.031, Accuracy: 99.12%
MLP - Average Loss: 0.028, Accuracy: 99.30%
SVM - Average Hinge Loss: 0.090, Accuracy: 99.39%
CNN-1D - Average Loss: 0.041, Accuracy: 98.77%
DI-CNN+ - Average Loss: 0.034, Accuracy: 99.03%
IT-KAN - Average Loss: 0.034, Accuracy: 99.21%


--- Results for: Colon adenocarcinoma ---

Cancer: 25
Normal: 12

Shape of features: (37, 41076)
Shape of labels: (37,)

Model: KAN
Test accuracy kfold (1/10): 100.00%
Test accuracy kfold (2/10): 100.00%
Test accuracy kfold (3/10): 100.00%
Test accuracy kfold (4/10): 100.00%
Test accuracy kfold (5/10): 100.00%
Test accuracy kfold (6/10): 100.00%
Test accuracy kfold (7/10): 100.00%
Test accuracy kfold (8/10): 100.00%
Test accuracy kfold (9/10): 100.00%
Test accuracy kfold (10/10): 100.00%

Model: MLP
Test accuracy kfold (1/10): 100.00%
Test accuracy kfold (2/10): 100.00%
Test accuracy kfold (3/10): 100.00%
Test accuracy kfold (4/10): 100.00%
Test accuracy kfold (5/10): 100.00%
Test accuracy kfold (6/10): 100.00%
Test accuracy kfold (7/10): 100.00%
Test accuracy kfold (8/10): 100.00%
Test accuracy kfold (9/10): 100.00%
Test accuracy kfold (10/10): 100.00%

Model: SVM
Test accuracy kfold (1/10): 100.00%
Test accuracy kfold (2/10): 100.00%
Test accuracy kfold (3/10): 100.00%
Test accuracy kfold (4/10): 100.00%
Test accuracy kfold (5/10): 100.00%
Test accuracy kfold (6/10): 100.00%
Test accuracy kfold (7/10): 100.00%
Test accuracy kfold (8/10): 100.00%
Test accuracy kfold (9/10): 100.00%
Test accuracy kfold (10/10): 100.00%

Model: CNN-1D
Test accuracy kfold (1/10): 100.00%
Test accuracy kfold (2/10): 100.00%
Test accuracy kfold (3/10): 100.00%
Test accuracy kfold (4/10): 100.00%
Test accuracy kfold (5/10): 100.00%
Test accuracy kfold (6/10): 100.00%
Test accuracy kfold (7/10): 100.00%
Test accuracy kfold (8/10): 100.00%
Test accuracy kfold (9/10): 100.00%
Test accuracy kfold (10/10): 100.00%

Model: DI-CNN+
Test accuracy kfold (1/10): 100.00%
Test accuracy kfold (2/10): 100.00%
Test accuracy kfold (3/10): 100.00%
Test accuracy kfold (4/10): 100.00%
Test accuracy kfold (5/10): 100.00%
Test accuracy kfold (6/10): 100.00%
Test accuracy kfold (7/10): 100.00%
Test accuracy kfold (8/10): 100.00%
Test accuracy kfold (9/10): 100.00%
Test accuracy kfold (10/10): 100.00%

Model: IT-KAN
Test accuracy kfold (1/10): 100.00%
Test accuracy kfold (2/10): 100.00%
Test accuracy kfold (3/10): 100.00%
Test accuracy kfold (4/10): 100.00%
Test accuracy kfold (5/10): 100.00%
Test accuracy kfold (6/10): 100.00%
Test accuracy kfold (7/10): 100.00%
Test accuracy kfold (8/10): 100.00%
Test accuracy kfold (9/10): 100.00%
Test accuracy kfold (10/10): 100.00%

Final Test Results
KAN - Average Loss: 0.002, Accuracy: 100.00%
MLP - Average Loss: 0.002, Accuracy: 100.00%
SVM - Average Hinge Loss: 0.325, Accuracy: 100.00%
CNN-1D - Average Loss: 0.005, Accuracy: 100.00%
DI-CNN+ - Average Loss: 0.018, Accuracy: 100.00%
IT-KAN - Average Loss: 0.001, Accuracy: 100.00%


--- Results for: Esophageal carcinoma ---

Cancer: 17
Normal: 17

Shape of features: (34, 22277)
Shape of labels: (34,)

Model: KAN
Test accuracy kfold (1/10): 100.00%
Test accuracy kfold (2/10): 100.00%
Test accuracy kfold (3/10): 100.00%
Test accuracy kfold (4/10): 100.00%
Test accuracy kfold (5/10): 100.00%
Test accuracy kfold (6/10): 100.00%
Test accuracy kfold (7/10): 100.00%
Test accuracy kfold (8/10): 100.00%
Test accuracy kfold (9/10): 100.00%
Test accuracy kfold (10/10): 100.00%

Model: MLP
Test accuracy kfold (1/10): 100.00%
Test accuracy kfold (2/10): 100.00%
Test accuracy kfold (3/10): 100.00%
Test accuracy kfold (4/10): 100.00%
Test accuracy kfold (5/10): 100.00%
Test accuracy kfold (6/10): 100.00%
Test accuracy kfold (7/10): 100.00%
Test accuracy kfold (8/10): 100.00%
Test accuracy kfold (9/10): 100.00%
Test accuracy kfold (10/10): 100.00%

Model: SVM
Test accuracy kfold (1/10): 100.00%
Test accuracy kfold (2/10): 100.00%
Test accuracy kfold (3/10): 100.00%
Test accuracy kfold (4/10): 100.00%
Test accuracy kfold (5/10): 100.00%
Test accuracy kfold (6/10): 100.00%
Test accuracy kfold (7/10): 100.00%
Test accuracy kfold (8/10): 100.00%
Test accuracy kfold (9/10): 100.00%
Test accuracy kfold (10/10): 100.00%

Model: CNN-1D
Test accuracy kfold (1/10): 100.00%
Test accuracy kfold (2/10): 100.00%
Test accuracy kfold (3/10): 100.00%
Test accuracy kfold (4/10): 100.00%
Test accuracy kfold (5/10): 100.00%
Test accuracy kfold (6/10): 100.00%
Test accuracy kfold (7/10): 100.00%
Test accuracy kfold (8/10): 100.00%
Test accuracy kfold (9/10): 100.00%
Test accuracy kfold (10/10): 100.00%

Model: DI-CNN+
Test accuracy kfold (1/10): 100.00%
Test accuracy kfold (2/10): 100.00%
Test accuracy kfold (3/10): 100.00%
Test accuracy kfold (4/10): 100.00%
Test accuracy kfold (5/10): 100.00%
Test accuracy kfold (6/10): 100.00%
Test accuracy kfold (7/10): 100.00%
Test accuracy kfold (8/10): 100.00%
Test accuracy kfold (9/10): 100.00%
Test accuracy kfold (10/10): 100.00%

Model: IT-KAN
Test accuracy kfold (1/10): 100.00%
Test accuracy kfold (2/10): 100.00%
Test accuracy kfold (3/10): 100.00%
Test accuracy kfold (4/10): 100.00%
Test accuracy kfold (5/10): 100.00%
Test accuracy kfold (6/10): 100.00%
Test accuracy kfold (7/10): 100.00%
Test accuracy kfold (8/10): 100.00%
Test accuracy kfold (9/10): 100.00%
Test accuracy kfold (10/10): 100.00%

Final Test Results
KAN - Average Loss: 0.018, Accuracy: 100.00%
MLP - Average Loss: 0.020, Accuracy: 100.00%
SVM - Average Hinge Loss: 0.500, Accuracy: 100.00%
CNN-1D - Average Loss: 0.026, Accuracy: 100.00%
DI-CNN+ - Average Loss: 0.065, Accuracy: 100.00%
IT-KAN - Average Loss: 0.016, Accuracy: 100.00%


--- Results for: Head and Neck squamous cell carcinoma ---

Cancer: 22
Normal: 22

Shape of features: (44, 12625)
Shape of labels: (44,)

Model: KAN
Test accuracy kfold (1/10): 80.00%
Test accuracy kfold (2/10): 80.00%
Test accuracy kfold (3/10): 80.00%
Test accuracy kfold (4/10): 80.00%
Test accuracy kfold (5/10): 100.00%
Test accuracy kfold (6/10): 100.00%
Test accuracy kfold (7/10): 75.00%
Test accuracy kfold (8/10): 100.00%
Test accuracy kfold (9/10): 100.00%
Test accuracy kfold (10/10): 100.00%

Model: MLP
Test accuracy kfold (1/10): 80.00%
Test accuracy kfold (2/10): 80.00%
Test accuracy kfold (3/10): 80.00%
Test accuracy kfold (4/10): 80.00%
Test accuracy kfold (5/10): 100.00%
Test accuracy kfold (6/10): 100.00%
Test accuracy kfold (7/10): 75.00%
Test accuracy kfold (8/10): 100.00%
Test accuracy kfold (9/10): 100.00%
Test accuracy kfold (10/10): 100.00%

Model: SVM
Test accuracy kfold (1/10): 100.00%
Test accuracy kfold (2/10): 100.00%
Test accuracy kfold (3/10): 80.00%
Test accuracy kfold (4/10): 100.00%
Test accuracy kfold (5/10): 100.00%
Test accuracy kfold (6/10): 100.00%
Test accuracy kfold (7/10): 75.00%
Test accuracy kfold (8/10): 100.00%
Test accuracy kfold (9/10): 100.00%
Test accuracy kfold (10/10): 100.00%

Model: CNN-1D
Test accuracy kfold (1/10): 80.00%
Test accuracy kfold (2/10): 100.00%
Test accuracy kfold (3/10): 80.00%
Test accuracy kfold (4/10): 100.00%
Test accuracy kfold (5/10): 100.00%
Test accuracy kfold (6/10): 100.00%
Test accuracy kfold (7/10): 75.00%
Test accuracy kfold (8/10): 100.00%
Test accuracy kfold (9/10): 100.00%
Test accuracy kfold (10/10): 75.00%

Model: DI-CNN+
Test accuracy kfold (1/10): 80.00%
Test accuracy kfold (2/10): 100.00%
Test accuracy kfold (3/10): 80.00%
Test accuracy kfold (4/10): 80.00%
Test accuracy kfold (5/10): 100.00%
Test accuracy kfold (6/10): 100.00%
Test accuracy kfold (7/10): 75.00%
Test accuracy kfold (8/10): 100.00%
Test accuracy kfold (9/10): 100.00%
Test accuracy kfold (10/10): 100.00%

Model: IT-KAN
Test accuracy kfold (1/10): 80.00%
Test accuracy kfold (2/10): 80.00%
Test accuracy kfold (3/10): 80.00%
Test accuracy kfold (4/10): 80.00%
Test accuracy kfold (5/10): 100.00%
Test accuracy kfold (6/10): 100.00%
Test accuracy kfold (7/10): 75.00%
Test accuracy kfold (8/10): 100.00%
Test accuracy kfold (9/10): 100.00%
Test accuracy kfold (10/10): 100.00%

Final Test Results
KAN - Average Loss: 0.201, Accuracy: 89.50%
MLP - Average Loss: 0.198, Accuracy: 89.50%
SVM - Average Hinge Loss: 0.520, Accuracy: 95.50%
CNN-1D - Average Loss: 0.224, Accuracy: 91.00%
DI-CNN+ - Average Loss: 0.253, Accuracy: 91.50%
IT-KAN - Average Loss: 0.202, Accuracy: 89.50%


--- Results for: Kidney Chromophobe ---

Cancer: 6
Normal: 23

Shape of features: (29, 22283)
Shape of labels: (29,)

Model: KAN
Test accuracy kfold (1/10): 100.00%
Test accuracy kfold (2/10): 100.00%
Test accuracy kfold (3/10): 100.00%
Test accuracy kfold (4/10): 100.00%
Test accuracy kfold (5/10): 100.00%
Test accuracy kfold (6/10): 100.00%
Test accuracy kfold (7/10): 100.00%
Test accuracy kfold (8/10): 100.00%
Test accuracy kfold (9/10): 100.00%
Test accuracy kfold (10/10): 100.00%

Model: MLP
Test accuracy kfold (1/10): 100.00%
Test accuracy kfold (2/10): 100.00%
Test accuracy kfold (3/10): 100.00%
Test accuracy kfold (4/10): 100.00%
Test accuracy kfold (5/10): 100.00%
Test accuracy kfold (6/10): 100.00%
Test accuracy kfold (7/10): 100.00%
Test accuracy kfold (8/10): 100.00%
Test accuracy kfold (9/10): 100.00%
Test accuracy kfold (10/10): 100.00%

Model: SVM
Test accuracy kfold (1/10): 100.00%
Test accuracy kfold (2/10): 100.00%
Test accuracy kfold (3/10): 100.00%
Test accuracy kfold (4/10): 100.00%
Test accuracy kfold (5/10): 100.00%
Test accuracy kfold (6/10): 100.00%
Test accuracy kfold (7/10): 100.00%
Test accuracy kfold (8/10): 100.00%
Test accuracy kfold (9/10): 100.00%
Test accuracy kfold (10/10): 100.00%

Model: CNN-1D
Test accuracy kfold (1/10): 100.00%
Test accuracy kfold (2/10): 100.00%
Test accuracy kfold (3/10): 100.00%
Test accuracy kfold (4/10): 100.00%
Test accuracy kfold (5/10): 100.00%
Test accuracy kfold (6/10): 100.00%
Test accuracy kfold (7/10): 100.00%
Test accuracy kfold (8/10): 100.00%
Test accuracy kfold (9/10): 100.00%
Test accuracy kfold (10/10): 100.00%

Model: DI-CNN+
Test accuracy kfold (1/10): 100.00%
Test accuracy kfold (2/10): 100.00%
Test accuracy kfold (3/10): 100.00%
Test accuracy kfold (4/10): 100.00%
Test accuracy kfold (5/10): 100.00%
Test accuracy kfold (6/10): 100.00%
Test accuracy kfold (7/10): 100.00%
Test accuracy kfold (8/10): 100.00%
Test accuracy kfold (9/10): 100.00%
Test accuracy kfold (10/10): 100.00%

Model: IT-KAN
Test accuracy kfold (1/10): 100.00%
Test accuracy kfold (2/10): 100.00%
Test accuracy kfold (3/10): 100.00%
Test accuracy kfold (4/10): 100.00%
Test accuracy kfold (5/10): 100.00%
Test accuracy kfold (6/10): 100.00%
Test accuracy kfold (7/10): 100.00%
Test accuracy kfold (8/10): 100.00%
Test accuracy kfold (9/10): 100.00%
Test accuracy kfold (10/10): 100.00%

Final Test Results
KAN - Average Loss: 0.003, Accuracy: 100.00%
MLP - Average Loss: 0.002, Accuracy: 100.00%
SVM - Average Hinge Loss: 0.800, Accuracy: 100.00%
CNN-1D - Average Loss: 0.005, Accuracy: 100.00%
DI-CNN+ - Average Loss: 0.035, Accuracy: 100.00%
IT-KAN - Average Loss: 0.002, Accuracy: 100.00%


--- Results for: Kidney renal clear cell carcinoma ---

Cancer: 32
Normal: 23

Shape of features: (55, 22283)
Shape of labels: (55,)

Model: KAN
Test accuracy kfold (1/10): 100.00%
Test accuracy kfold (2/10): 100.00%
Test accuracy kfold (3/10): 100.00%
Test accuracy kfold (4/10): 100.00%
Test accuracy kfold (5/10): 100.00%
Test accuracy kfold (6/10): 100.00%
Test accuracy kfold (7/10): 100.00%
Test accuracy kfold (8/10): 100.00%
Test accuracy kfold (9/10): 100.00%
Test accuracy kfold (10/10): 100.00%

Model: MLP
Test accuracy kfold (1/10): 100.00%
Test accuracy kfold (2/10): 100.00%
Test accuracy kfold (3/10): 100.00%
Test accuracy kfold (4/10): 100.00%
Test accuracy kfold (5/10): 100.00%
Test accuracy kfold (6/10): 100.00%
Test accuracy kfold (7/10): 100.00%
Test accuracy kfold (8/10): 100.00%
Test accuracy kfold (9/10): 100.00%
Test accuracy kfold (10/10): 100.00%

Model: SVM
Test accuracy kfold (1/10): 100.00%
Test accuracy kfold (2/10): 100.00%
Test accuracy kfold (3/10): 100.00%
Test accuracy kfold (4/10): 100.00%
Test accuracy kfold (5/10): 100.00%
Test accuracy kfold (6/10): 100.00%
Test accuracy kfold (7/10): 100.00%
Test accuracy kfold (8/10): 100.00%
Test accuracy kfold (9/10): 100.00%
Test accuracy kfold (10/10): 100.00%

Model: CNN-1D
Test accuracy kfold (1/10): 100.00%
Test accuracy kfold (2/10): 100.00%
Test accuracy kfold (3/10): 100.00%
Test accuracy kfold (4/10): 100.00%
Test accuracy kfold (5/10): 100.00%
Test accuracy kfold (6/10): 100.00%
Test accuracy kfold (7/10): 100.00%
Test accuracy kfold (8/10): 100.00%
Test accuracy kfold (9/10): 100.00%
Test accuracy kfold (10/10): 100.00%

Model: DI-CNN+
Test accuracy kfold (1/10): 100.00%
Test accuracy kfold (2/10): 100.00%
Test accuracy kfold (3/10): 100.00%
Test accuracy kfold (4/10): 100.00%
Test accuracy kfold (5/10): 100.00%
Test accuracy kfold (6/10): 100.00%
Test accuracy kfold (7/10): 100.00%
Test accuracy kfold (8/10): 100.00%
Test accuracy kfold (9/10): 100.00%
Test accuracy kfold (10/10): 100.00%

Model: IT-KAN
Test accuracy kfold (1/10): 100.00%
Test accuracy kfold (2/10): 100.00%
Test accuracy kfold (3/10): 100.00%
Test accuracy kfold (4/10): 100.00%
Test accuracy kfold (5/10): 100.00%
Test accuracy kfold (6/10): 100.00%
Test accuracy kfold (7/10): 100.00%
Test accuracy kfold (8/10): 100.00%
Test accuracy kfold (9/10): 100.00%
Test accuracy kfold (10/10): 100.00%

Final Test Results
KAN - Average Loss: 0.001, Accuracy: 100.00%
MLP - Average Loss: 0.001, Accuracy: 100.00%
SVM - Average Hinge Loss: 0.417, Accuracy: 100.00%
CNN-1D - Average Loss: 0.001, Accuracy: 100.00%
DI-CNN+ - Average Loss: 0.007, Accuracy: 100.00%
IT-KAN - Average Loss: 0.001, Accuracy: 100.00%


--- Results for: Kidney renal papillary cell carcinoma ---

Cancer: 11
Normal: 23

Shape of features: (34, 22283)
Shape of labels: (34,)

Model: KAN
Test accuracy kfold (1/10): 100.00%
Test accuracy kfold (2/10): 100.00%
Test accuracy kfold (3/10): 100.00%
Test accuracy kfold (4/10): 100.00%
Test accuracy kfold (5/10): 100.00%
Test accuracy kfold (6/10): 100.00%
Test accuracy kfold (7/10): 100.00%
Test accuracy kfold (8/10): 100.00%
Test accuracy kfold (9/10): 100.00%
Test accuracy kfold (10/10): 100.00%

Model: MLP
Test accuracy kfold (1/10): 100.00%
Test accuracy kfold (2/10): 100.00%
Test accuracy kfold (3/10): 100.00%
Test accuracy kfold (4/10): 100.00%
Test accuracy kfold (5/10): 100.00%
Test accuracy kfold (6/10): 100.00%
Test accuracy kfold (7/10): 100.00%
Test accuracy kfold (8/10): 100.00%
Test accuracy kfold (9/10): 100.00%
Test accuracy kfold (10/10): 100.00%

Model: SVM
Test accuracy kfold (1/10): 100.00%
Test accuracy kfold (2/10): 100.00%
Test accuracy kfold (3/10): 100.00%
Test accuracy kfold (4/10): 100.00%
Test accuracy kfold (5/10): 100.00%
Test accuracy kfold (6/10): 100.00%
Test accuracy kfold (7/10): 100.00%
Test accuracy kfold (8/10): 100.00%
Test accuracy kfold (9/10): 100.00%
Test accuracy kfold (10/10): 100.00%

Model: CNN-1D
Test accuracy kfold (1/10): 100.00%
Test accuracy kfold (2/10): 100.00%
Test accuracy kfold (3/10): 100.00%
Test accuracy kfold (4/10): 100.00%
Test accuracy kfold (5/10): 100.00%
Test accuracy kfold (6/10): 100.00%
Test accuracy kfold (7/10): 100.00%
Test accuracy kfold (8/10): 100.00%
Test accuracy kfold (9/10): 100.00%
Test accuracy kfold (10/10): 100.00%

Model: DI-CNN+
Test accuracy kfold (1/10): 100.00%
Test accuracy kfold (2/10): 100.00%
Test accuracy kfold (3/10): 100.00%
Test accuracy kfold (4/10): 100.00%
Test accuracy kfold (5/10): 100.00%
Test accuracy kfold (6/10): 100.00%
Test accuracy kfold (7/10): 100.00%
Test accuracy kfold (8/10): 100.00%
Test accuracy kfold (9/10): 100.00%
Test accuracy kfold (10/10): 100.00%

Model: IT-KAN
Test accuracy kfold (1/10): 100.00%
Test accuracy kfold (2/10): 100.00%
Test accuracy kfold (3/10): 100.00%
Test accuracy kfold (4/10): 100.00%
Test accuracy kfold (5/10): 100.00%
Test accuracy kfold (6/10): 100.00%
Test accuracy kfold (7/10): 100.00%
Test accuracy kfold (8/10): 100.00%
Test accuracy kfold (9/10): 100.00%
Test accuracy kfold (10/10): 100.00%

Final Test Results
KAN - Average Loss: 0.004, Accuracy: 100.00%
MLP - Average Loss: 0.003, Accuracy: 100.00%
SVM - Average Hinge Loss: 0.675, Accuracy: 100.00%
CNN-1D - Average Loss: 0.007, Accuracy: 100.00%
DI-CNN+ - Average Loss: 0.038, Accuracy: 100.00%
IT-KAN - Average Loss: 0.004, Accuracy: 100.00%


--- Results for: Liver hepatocellular carcinoma ---

Cancer: 48
Normal: 39

Shape of features: (87, 54675)
Shape of labels: (87,)

Model: KAN
Test accuracy kfold (1/10): 100.00%
Test accuracy kfold (2/10): 77.78%
Test accuracy kfold (3/10): 100.00%
Test accuracy kfold (4/10): 100.00%
Test accuracy kfold (5/10): 100.00%
Test accuracy kfold (6/10): 100.00%
Test accuracy kfold (7/10): 100.00%
Test accuracy kfold (8/10): 100.00%
Test accuracy kfold (9/10): 100.00%
Test accuracy kfold (10/10): 100.00%

Model: MLP
Test accuracy kfold (1/10): 100.00%
Test accuracy kfold (2/10): 77.78%
Test accuracy kfold (3/10): 100.00%
Test accuracy kfold (4/10): 100.00%
Test accuracy kfold (5/10): 100.00%
Test accuracy kfold (6/10): 100.00%
Test accuracy kfold (7/10): 100.00%
Test accuracy kfold (8/10): 100.00%
Test accuracy kfold (9/10): 100.00%
Test accuracy kfold (10/10): 100.00%

Model: SVM
Test accuracy kfold (1/10): 100.00%
Test accuracy kfold (2/10): 88.89%
Test accuracy kfold (3/10): 100.00%
Test accuracy kfold (4/10): 100.00%
Test accuracy kfold (5/10): 100.00%
Test accuracy kfold (6/10): 100.00%
Test accuracy kfold (7/10): 100.00%
Test accuracy kfold (8/10): 100.00%
Test accuracy kfold (9/10): 100.00%
Test accuracy kfold (10/10): 100.00%

Model: CNN-1D
Test accuracy kfold (1/10): 88.89%
Test accuracy kfold (2/10): 77.78%
Test accuracy kfold (3/10): 100.00%
Test accuracy kfold (4/10): 100.00%
Test accuracy kfold (5/10): 100.00%
Test accuracy kfold (6/10): 100.00%
Test accuracy kfold (7/10): 100.00%
Test accuracy kfold (8/10): 100.00%
Test accuracy kfold (9/10): 100.00%
Test accuracy kfold (10/10): 100.00%

Model: DI-CNN+
Test accuracy kfold (1/10): 100.00%
Test accuracy kfold (2/10): 77.78%
Test accuracy kfold (3/10): 100.00%
Test accuracy kfold (4/10): 100.00%
Test accuracy kfold (5/10): 100.00%
Test accuracy kfold (6/10): 100.00%
Test accuracy kfold (7/10): 100.00%
Test accuracy kfold (8/10): 100.00%
Test accuracy kfold (9/10): 100.00%
Test accuracy kfold (10/10): 100.00%

Model: IT-KAN
Test accuracy kfold (1/10): 100.00%
Test accuracy kfold (2/10): 77.78%
Test accuracy kfold (3/10): 100.00%
Test accuracy kfold (4/10): 100.00%
Test accuracy kfold (5/10): 100.00%
Test accuracy kfold (6/10): 100.00%
Test accuracy kfold (7/10): 100.00%
Test accuracy kfold (8/10): 100.00%
Test accuracy kfold (9/10): 100.00%
Test accuracy kfold (10/10): 100.00%

Final Test Results
KAN - Average Loss: 0.045, Accuracy: 97.78%
MLP - Average Loss: 0.047, Accuracy: 97.78%
SVM - Average Hinge Loss: 0.449, Accuracy: 98.89%
CNN-1D - Average Loss: 0.055, Accuracy: 96.67%
DI-CNN+ - Average Loss: 0.070, Accuracy: 97.78%
IT-KAN - Average Loss: 0.057, Accuracy: 97.78%


--- Results for: Lung squamous cell carcinoma ---

Cancer: 14
Normal: 27

Shape of features: (41, 41065)
Shape of labels: (41,)

Model: KAN
Test accuracy kfold (1/10): 80.00%
Test accuracy kfold (2/10): 75.00%
Test accuracy kfold (3/10): 100.00%
Test accuracy kfold (4/10): 100.00%
Test accuracy kfold (5/10): 100.00%
Test accuracy kfold (6/10): 100.00%
Test accuracy kfold (7/10): 100.00%
Test accuracy kfold (8/10): 100.00%
Test accuracy kfold (9/10): 100.00%
Test accuracy kfold (10/10): 100.00%

Model: MLP
Test accuracy kfold (1/10): 80.00%
Test accuracy kfold (2/10): 75.00%
Test accuracy kfold (3/10): 100.00%
Test accuracy kfold (4/10): 100.00%
Test accuracy kfold (5/10): 100.00%
Test accuracy kfold (6/10): 100.00%
Test accuracy kfold (7/10): 100.00%
Test accuracy kfold (8/10): 100.00%
Test accuracy kfold (9/10): 100.00%
Test accuracy kfold (10/10): 100.00%

Model: SVM
Test accuracy kfold (1/10): 80.00%
Test accuracy kfold (2/10): 75.00%
Test accuracy kfold (3/10): 100.00%
Test accuracy kfold (4/10): 100.00%
Test accuracy kfold (5/10): 100.00%
Test accuracy kfold (6/10): 100.00%
Test accuracy kfold (7/10): 100.00%
Test accuracy kfold (8/10): 100.00%
Test accuracy kfold (9/10): 100.00%
Test accuracy kfold (10/10): 100.00%

Model: CNN-1D
Test accuracy kfold (1/10): 80.00%
Test accuracy kfold (2/10): 75.00%
Test accuracy kfold (3/10): 100.00%
Test accuracy kfold (4/10): 100.00%
Test accuracy kfold (5/10): 100.00%
Test accuracy kfold (6/10): 100.00%
Test accuracy kfold (7/10): 100.00%
Test accuracy kfold (8/10): 100.00%
Test accuracy kfold (9/10): 100.00%
Test accuracy kfold (10/10): 100.00%

Model: DI-CNN+
Test accuracy kfold (1/10): 80.00%
Test accuracy kfold (2/10): 75.00%
Test accuracy kfold (3/10): 100.00%
Test accuracy kfold (4/10): 100.00%
Test accuracy kfold (5/10): 100.00%
Test accuracy kfold (6/10): 100.00%
Test accuracy kfold (7/10): 100.00%
Test accuracy kfold (8/10): 100.00%
Test accuracy kfold (9/10): 100.00%
Test accuracy kfold (10/10): 100.00%

Model: IT-KAN
Test accuracy kfold (1/10): 100.00%
Test accuracy kfold (2/10): 75.00%
Test accuracy kfold (3/10): 100.00%
Test accuracy kfold (4/10): 100.00%
Test accuracy kfold (5/10): 100.00%
Test accuracy kfold (6/10): 100.00%
Test accuracy kfold (7/10): 100.00%
Test accuracy kfold (8/10): 100.00%
Test accuracy kfold (9/10): 100.00%
Test accuracy kfold (10/10): 100.00%

Final Test Results
KAN - Average Loss: 0.157, Accuracy: 95.50%
MLP - Average Loss: 0.156, Accuracy: 95.50%
SVM - Average Hinge Loss: 0.705, Accuracy: 95.50%
CNN-1D - Average Loss: 0.175, Accuracy: 95.50%
DI-CNN+ - Average Loss: 0.151, Accuracy: 95.50%
IT-KAN - Average Loss: 0.146, Accuracy: 97.50%


--- Results for: Lung adenocarcinoma ---

Cancer: 58
Normal: 49

Shape of features: (107, 22283)
Shape of labels: (107,)

Model: KAN
Test accuracy kfold (1/10): 100.00%
Test accuracy kfold (2/10): 100.00%
Test accuracy kfold (3/10): 90.91%
Test accuracy kfold (4/10): 100.00%
Test accuracy kfold (5/10): 100.00%
Test accuracy kfold (6/10): 100.00%
Test accuracy kfold (7/10): 100.00%
Test accuracy kfold (8/10): 100.00%
Test accuracy kfold (9/10): 100.00%
Test accuracy kfold (10/10): 100.00%

Model: MLP
Test accuracy kfold (1/10): 100.00%
Test accuracy kfold (2/10): 100.00%
Test accuracy kfold (3/10): 90.91%
Test accuracy kfold (4/10): 100.00%
Test accuracy kfold (5/10): 100.00%
Test accuracy kfold (6/10): 100.00%
Test accuracy kfold (7/10): 100.00%
Test accuracy kfold (8/10): 100.00%
Test accuracy kfold (9/10): 100.00%
Test accuracy kfold (10/10): 100.00%

Model: SVM
Test accuracy kfold (1/10): 100.00%
Test accuracy kfold (2/10): 100.00%
Test accuracy kfold (3/10): 90.91%
Test accuracy kfold (4/10): 100.00%
Test accuracy kfold (5/10): 100.00%
Test accuracy kfold (6/10): 100.00%
Test accuracy kfold (7/10): 100.00%
Test accuracy kfold (8/10): 100.00%
Test accuracy kfold (9/10): 100.00%
Test accuracy kfold (10/10): 100.00%

Model: CNN-1D
Test accuracy kfold (1/10): 90.91%
Test accuracy kfold (2/10): 100.00%
Test accuracy kfold (3/10): 100.00%
Test accuracy kfold (4/10): 100.00%
Test accuracy kfold (5/10): 90.91%
Test accuracy kfold (6/10): 100.00%
Test accuracy kfold (7/10): 100.00%
Test accuracy kfold (8/10): 100.00%
Test accuracy kfold (9/10): 90.00%
Test accuracy kfold (10/10): 100.00%

Model: DI-CNN+
Test accuracy kfold (1/10): 90.91%
Test accuracy kfold (2/10): 100.00%
Test accuracy kfold (3/10): 90.91%
Test accuracy kfold (4/10): 100.00%
Test accuracy kfold (5/10): 100.00%
Test accuracy kfold (6/10): 100.00%
Test accuracy kfold (7/10): 100.00%
Test accuracy kfold (8/10): 100.00%
Test accuracy kfold (9/10): 100.00%
Test accuracy kfold (10/10): 100.00%

Model: IT-KAN
Test accuracy kfold (1/10): 90.91%
Test accuracy kfold (2/10): 100.00%
Test accuracy kfold (3/10): 100.00%
Test accuracy kfold (4/10): 100.00%
Test accuracy kfold (5/10): 90.91%
Test accuracy kfold (6/10): 100.00%
Test accuracy kfold (7/10): 100.00%
Test accuracy kfold (8/10): 100.00%
Test accuracy kfold (9/10): 100.00%
Test accuracy kfold (10/10): 100.00%

Final Test Results
KAN - Average Loss: 0.029, Accuracy: 99.09%
MLP - Average Loss: 0.034, Accuracy: 99.09%
SVM - Average Hinge Loss: 0.458, Accuracy: 99.09%
CNN-1D - Average Loss: 0.047, Accuracy: 97.18%
DI-CNN+ - Average Loss: 0.037, Accuracy: 98.18%
IT-KAN - Average Loss: 0.034, Accuracy: 98.18%


--- Results for: Prostate adenocarcinoma ---

Cancer: 65
Normal: 63

Shape of features: (128, 12558)
Shape of labels: (128,)

Model: KAN
Test accuracy kfold (1/10): 69.23%
Test accuracy kfold (2/10): 61.54%
Test accuracy kfold (3/10): 61.54%
Test accuracy kfold (4/10): 92.31%
Test accuracy kfold (5/10): 76.92%
Test accuracy kfold (6/10): 53.85%
Test accuracy kfold (7/10): 76.92%
Test accuracy kfold (8/10): 69.23%
Test accuracy kfold (9/10): 75.00%
Test accuracy kfold (10/10): 50.00%

Model: MLP
Test accuracy kfold (1/10): 61.54%
Test accuracy kfold (2/10): 53.85%
Test accuracy kfold (3/10): 53.85%
Test accuracy kfold (4/10): 92.31%
Test accuracy kfold (5/10): 76.92%
Test accuracy kfold (6/10): 53.85%
Test accuracy kfold (7/10): 76.92%
Test accuracy kfold (8/10): 76.92%
Test accuracy kfold (9/10): 83.33%
Test accuracy kfold (10/10): 50.00%

Model: SVM
Test accuracy kfold (1/10): 69.23%
Test accuracy kfold (2/10): 53.85%
Test accuracy kfold (3/10): 61.54%
Test accuracy kfold (4/10): 84.62%
Test accuracy kfold (5/10): 84.62%
Test accuracy kfold (6/10): 53.85%
Test accuracy kfold (7/10): 84.62%
Test accuracy kfold (8/10): 61.54%
Test accuracy kfold (9/10): 75.00%
Test accuracy kfold (10/10): 50.00%

Model: CNN-1D
Test accuracy kfold (1/10): 69.23%
Test accuracy kfold (2/10): 61.54%
Test accuracy kfold (3/10): 53.85%
Test accuracy kfold (4/10): 84.62%
Test accuracy kfold (5/10): 76.92%
Test accuracy kfold (6/10): 69.23%
Test accuracy kfold (7/10): 69.23%
Test accuracy kfold (8/10): 76.92%
Test accuracy kfold (9/10): 66.67%
Test accuracy kfold (10/10): 58.33%

Model: DI-CNN+
Test accuracy kfold (1/10): 69.23%
Test accuracy kfold (2/10): 61.54%
Test accuracy kfold (3/10): 46.15%
Test accuracy kfold (4/10): 92.31%
Test accuracy kfold (5/10): 76.92%
Test accuracy kfold (6/10): 61.54%
Test accuracy kfold (7/10): 61.54%
Test accuracy kfold (8/10): 61.54%
Test accuracy kfold (9/10): 66.67%
Test accuracy kfold (10/10): 50.00%

Model: IT-KAN
Test accuracy kfold (1/10): 69.23%
Test accuracy kfold (2/10): 69.23%
Test accuracy kfold (3/10): 53.85%
Test accuracy kfold (4/10): 92.31%
Test accuracy kfold (5/10): 92.31%
Test accuracy kfold (6/10): 53.85%
Test accuracy kfold (7/10): 84.62%
Test accuracy kfold (8/10): 53.85%
Test accuracy kfold (9/10): 75.00%
Test accuracy kfold (10/10): 50.00%

Final Test Results
KAN - Average Loss: 0.843, Accuracy: 68.65%
MLP - Average Loss: 0.831, Accuracy: 67.95%
SVM - Average Hinge Loss: 0.672, Accuracy: 67.88%
CNN-1D - Average Loss: 1.021, Accuracy: 68.65%
DI-CNN+ - Average Loss: 0.702, Accuracy: 64.74%
IT-KAN - Average Loss: 0.904, Accuracy: 69.42%


--- Results for: Rectum adenocarcinoma ---

Cancer: 65
Normal: 65

Shape of features: (130, 40645)
Shape of labels: (130,)

Model: KAN
Test accuracy kfold (1/10): 100.00%
Test accuracy kfold (2/10): 100.00%
Test accuracy kfold (3/10): 100.00%
Test accuracy kfold (4/10): 100.00%
Test accuracy kfold (5/10): 100.00%
Test accuracy kfold (6/10): 100.00%
Test accuracy kfold (7/10): 100.00%
Test accuracy kfold (8/10): 100.00%
Test accuracy kfold (9/10): 100.00%
Test accuracy kfold (10/10): 100.00%

Model: MLP
Test accuracy kfold (1/10): 100.00%
Test accuracy kfold (2/10): 100.00%
Test accuracy kfold (3/10): 100.00%
Test accuracy kfold (4/10): 100.00%
Test accuracy kfold (5/10): 100.00%
Test accuracy kfold (6/10): 100.00%
Test accuracy kfold (7/10): 100.00%
Test accuracy kfold (8/10): 100.00%
Test accuracy kfold (9/10): 100.00%
Test accuracy kfold (10/10): 100.00%

Model: SVM
Test accuracy kfold (1/10): 100.00%
Test accuracy kfold (2/10): 100.00%
Test accuracy kfold (3/10): 100.00%
Test accuracy kfold (4/10): 100.00%
Test accuracy kfold (5/10): 100.00%
Test accuracy kfold (6/10): 100.00%
Test accuracy kfold (7/10): 100.00%
Test accuracy kfold (8/10): 100.00%
Test accuracy kfold (9/10): 100.00%
Test accuracy kfold (10/10): 100.00%

Model: CNN-1D
Test accuracy kfold (1/10): 100.00%
Test accuracy kfold (2/10): 100.00%
Test accuracy kfold (3/10): 100.00%
Test accuracy kfold (4/10): 100.00%
Test accuracy kfold (5/10): 100.00%
Test accuracy kfold (6/10): 100.00%
Test accuracy kfold (7/10): 100.00%
Test accuracy kfold (8/10): 100.00%
Test accuracy kfold (9/10): 100.00%
Test accuracy kfold (10/10): 100.00%

Model: DI-CNN+
Test accuracy kfold (1/10): 100.00%
Test accuracy kfold (2/10): 100.00%
Test accuracy kfold (3/10): 100.00%
Test accuracy kfold (4/10): 100.00%
Test accuracy kfold (5/10): 100.00%
Test accuracy kfold (6/10): 100.00%
Test accuracy kfold (7/10): 100.00%
Test accuracy kfold (8/10): 100.00%
Test accuracy kfold (9/10): 100.00%
Test accuracy kfold (10/10): 100.00%

Model: IT-KAN
Test accuracy kfold (1/10): 100.00%
Test accuracy kfold (2/10): 100.00%
Test accuracy kfold (3/10): 100.00%
Test accuracy kfold (4/10): 100.00%
Test accuracy kfold (5/10): 100.00%
Test accuracy kfold (6/10): 100.00%
Test accuracy kfold (7/10): 100.00%
Test accuracy kfold (8/10): 100.00%
Test accuracy kfold (9/10): 100.00%
Test accuracy kfold (10/10): 100.00%

Final Test Results
KAN - Average Loss: 0.003, Accuracy: 100.00%
MLP - Average Loss: 0.002, Accuracy: 100.00%
SVM - Average Hinge Loss: 0.500, Accuracy: 100.00%
CNN-1D - Average Loss: 0.004, Accuracy: 100.00%
DI-CNN+ - Average Loss: 0.005, Accuracy: 100.00%
IT-KAN - Average Loss: 0.001, Accuracy: 100.00%


--- Results for: Stomach adenocarcinoma ---

Cancer: 21
Normal: 8

Shape of features: (29, 7129)
Shape of labels: (29,)

Model: KAN
Test accuracy kfold (1/10): 66.67%
Test accuracy kfold (2/10): 100.00%
Test accuracy kfold (3/10): 100.00%
Test accuracy kfold (4/10): 100.00%
Test accuracy kfold (5/10): 100.00%
Test accuracy kfold (6/10): 100.00%
Test accuracy kfold (7/10): 100.00%
Test accuracy kfold (8/10): 100.00%
Test accuracy kfold (9/10): 100.00%
Test accuracy kfold (10/10): 100.00%

Model: MLP
Test accuracy kfold (1/10): 66.67%
Test accuracy kfold (2/10): 100.00%
Test accuracy kfold (3/10): 100.00%
Test accuracy kfold (4/10): 100.00%
Test accuracy kfold (5/10): 100.00%
Test accuracy kfold (6/10): 100.00%
Test accuracy kfold (7/10): 100.00%
Test accuracy kfold (8/10): 100.00%
Test accuracy kfold (9/10): 100.00%
Test accuracy kfold (10/10): 100.00%

Model: SVM
Test accuracy kfold (1/10): 66.67%
Test accuracy kfold (2/10): 100.00%
Test accuracy kfold (3/10): 100.00%
Test accuracy kfold (4/10): 100.00%
Test accuracy kfold (5/10): 100.00%
Test accuracy kfold (6/10): 100.00%
Test accuracy kfold (7/10): 100.00%
Test accuracy kfold (8/10): 100.00%
Test accuracy kfold (9/10): 100.00%
Test accuracy kfold (10/10): 100.00%

Model: CNN-1D
Test accuracy kfold (1/10): 66.67%
Test accuracy kfold (2/10): 100.00%
Test accuracy kfold (3/10): 100.00%
Test accuracy kfold (4/10): 100.00%
Test accuracy kfold (5/10): 100.00%
Test accuracy kfold (6/10): 100.00%
Test accuracy kfold (7/10): 100.00%
Test accuracy kfold (8/10): 100.00%
Test accuracy kfold (9/10): 100.00%
Test accuracy kfold (10/10): 100.00%

Model: DI-CNN+
Test accuracy kfold (1/10): 66.67%
Test accuracy kfold (2/10): 100.00%
Test accuracy kfold (3/10): 100.00%
Test accuracy kfold (4/10): 100.00%
Test accuracy kfold (5/10): 100.00%
Test accuracy kfold (6/10): 100.00%
Test accuracy kfold (7/10): 100.00%
Test accuracy kfold (8/10): 66.67%
Test accuracy kfold (9/10): 100.00%
Test accuracy kfold (10/10): 100.00%

Model: IT-KAN
Test accuracy kfold (1/10): 66.67%
Test accuracy kfold (2/10): 100.00%
Test accuracy kfold (3/10): 100.00%
Test accuracy kfold (4/10): 100.00%
Test accuracy kfold (5/10): 100.00%
Test accuracy kfold (6/10): 100.00%
Test accuracy kfold (7/10): 100.00%
Test accuracy kfold (8/10): 100.00%
Test accuracy kfold (9/10): 100.00%
Test accuracy kfold (10/10): 100.00%

Final Test Results
KAN - Average Loss: 0.049, Accuracy: 96.67%
MLP - Average Loss: 0.049, Accuracy: 96.67%
SVM - Average Hinge Loss: 0.267, Accuracy: 96.67%
CNN-1D - Average Loss: 0.109, Accuracy: 96.67%
DI-CNN+ - Average Loss: 0.165, Accuracy: 93.33%
IT-KAN - Average Loss: 0.045, Accuracy: 96.67%


--- Results for: Thyroid carcinoma ---

Cancer: 60
Normal: 45

Shape of features: (105, 54675)
Shape of labels: (105,)

Model: KAN
Test accuracy kfold (1/10): 100.00%
Test accuracy kfold (2/10): 90.91%
Test accuracy kfold (3/10): 90.91%
Test accuracy kfold (4/10): 90.91%
Test accuracy kfold (5/10): 90.91%
Test accuracy kfold (6/10): 100.00%
Test accuracy kfold (7/10): 100.00%
Test accuracy kfold (8/10): 100.00%
Test accuracy kfold (9/10): 100.00%
Test accuracy kfold (10/10): 100.00%

Model: MLP
Test accuracy kfold (1/10): 100.00%
Test accuracy kfold (2/10): 90.91%
Test accuracy kfold (3/10): 90.91%
Test accuracy kfold (4/10): 100.00%
Test accuracy kfold (5/10): 90.91%
Test accuracy kfold (6/10): 90.00%
Test accuracy kfold (7/10): 100.00%
Test accuracy kfold (8/10): 100.00%
Test accuracy kfold (9/10): 100.00%
Test accuracy kfold (10/10): 100.00%

Model: SVM
Test accuracy kfold (1/10): 100.00%
Test accuracy kfold (2/10): 90.91%
Test accuracy kfold (3/10): 90.91%
Test accuracy kfold (4/10): 100.00%
Test accuracy kfold (5/10): 90.91%
Test accuracy kfold (6/10): 80.00%
Test accuracy kfold (7/10): 100.00%
Test accuracy kfold (8/10): 100.00%
Test accuracy kfold (9/10): 100.00%
Test accuracy kfold (10/10): 100.00%

Model: CNN-1D
Test accuracy kfold (1/10): 100.00%
Test accuracy kfold (2/10): 90.91%
Test accuracy kfold (3/10): 90.91%
Test accuracy kfold (4/10): 100.00%
Test accuracy kfold (5/10): 90.91%
Test accuracy kfold (6/10): 80.00%
Test accuracy kfold (7/10): 100.00%
Test accuracy kfold (8/10): 100.00%
Test accuracy kfold (9/10): 100.00%
Test accuracy kfold (10/10): 100.00%

Model: DI-CNN+
Test accuracy kfold (1/10): 100.00%
Test accuracy kfold (2/10): 90.91%
Test accuracy kfold (3/10): 90.91%
Test accuracy kfold (4/10): 100.00%
Test accuracy kfold (5/10): 90.91%
Test accuracy kfold (6/10): 90.00%
Test accuracy kfold (7/10): 100.00%
Test accuracy kfold (8/10): 100.00%
Test accuracy kfold (9/10): 100.00%
Test accuracy kfold (10/10): 100.00%

Model: IT-KAN
Test accuracy kfold (1/10): 100.00%
Test accuracy kfold (2/10): 90.91%
Test accuracy kfold (3/10): 90.91%
Test accuracy kfold (4/10): 100.00%
Test accuracy kfold (5/10): 90.91%
Test accuracy kfold (6/10): 90.00%
Test accuracy kfold (7/10): 100.00%
Test accuracy kfold (8/10): 100.00%
Test accuracy kfold (9/10): 100.00%
Test accuracy kfold (10/10): 100.00%

Final Test Results
KAN - Average Loss: 0.276, Accuracy: 96.36%
MLP - Average Loss: 0.255, Accuracy: 96.27%
SVM - Average Hinge Loss: 0.465, Accuracy: 95.27%
CNN-1D - Average Loss: 0.197, Accuracy: 95.27%
DI-CNN+ - Average Loss: 0.151, Accuracy: 96.27%
IT-KAN - Average Loss: 0.328, Accuracy: 96.27%


--- Results for: Uterine Corpus Endometrial Carcinoma ---

Cancer: 79
Normal: 12

Shape of features: (91, 54675)
Shape of labels: (91,)

Model: KAN
Test accuracy kfold (1/10): 100.00%
Test accuracy kfold (2/10): 100.00%
Test accuracy kfold (3/10): 100.00%
Test accuracy kfold (4/10): 100.00%
Test accuracy kfold (5/10): 100.00%
Test accuracy kfold (6/10): 100.00%
Test accuracy kfold (7/10): 100.00%
Test accuracy kfold (8/10): 100.00%
Test accuracy kfold (9/10): 100.00%
Test accuracy kfold (10/10): 100.00%

Model: MLP
Test accuracy kfold (1/10): 100.00%
Test accuracy kfold (2/10): 100.00%
Test accuracy kfold (3/10): 100.00%
Test accuracy kfold (4/10): 100.00%
Test accuracy kfold (5/10): 100.00%
Test accuracy kfold (6/10): 100.00%
Test accuracy kfold (7/10): 100.00%
Test accuracy kfold (8/10): 100.00%
Test accuracy kfold (9/10): 100.00%
Test accuracy kfold (10/10): 100.00%

Model: SVM
Test accuracy kfold (1/10): 100.00%
Test accuracy kfold (2/10): 100.00%
Test accuracy kfold (3/10): 100.00%
Test accuracy kfold (4/10): 100.00%
Test accuracy kfold (5/10): 100.00%
Test accuracy kfold (6/10): 100.00%
Test accuracy kfold (7/10): 100.00%
Test accuracy kfold (8/10): 100.00%
Test accuracy kfold (9/10): 100.00%
Test accuracy kfold (10/10): 100.00%

Model: CNN-1D
Test accuracy kfold (1/10): 100.00%
Test accuracy kfold (2/10): 100.00%
Test accuracy kfold (3/10): 100.00%
Test accuracy kfold (4/10): 100.00%
Test accuracy kfold (5/10): 100.00%
Test accuracy kfold (6/10): 100.00%
Test accuracy kfold (7/10): 100.00%
Test accuracy kfold (8/10): 100.00%
Test accuracy kfold (9/10): 100.00%
Test accuracy kfold (10/10): 100.00%

Model: DI-CNN+
Test accuracy kfold (1/10): 100.00%
Test accuracy kfold (2/10): 100.00%
Test accuracy kfold (3/10): 100.00%
Test accuracy kfold (4/10): 100.00%
Test accuracy kfold (5/10): 100.00%
Test accuracy kfold (6/10): 100.00%
Test accuracy kfold (7/10): 100.00%
Test accuracy kfold (8/10): 100.00%
Test accuracy kfold (9/10): 100.00%
Test accuracy kfold (10/10): 100.00%

Model: IT-KAN
Test accuracy kfold (1/10): 100.00%
Test accuracy kfold (2/10): 100.00%
Test accuracy kfold (3/10): 100.00%
Test accuracy kfold (4/10): 100.00%
Test accuracy kfold (5/10): 100.00%
Test accuracy kfold (6/10): 100.00%
Test accuracy kfold (7/10): 100.00%
Test accuracy kfold (8/10): 100.00%
Test accuracy kfold (9/10): 100.00%
Test accuracy kfold (10/10): 100.00%

Final Test Results
KAN - Average Loss: 0.034, Accuracy: 100.00%
MLP - Average Loss: 0.031, Accuracy: 100.00%
SVM - Average Hinge Loss: 0.131, Accuracy: 100.00%
CNN-1D - Average Loss: 0.043, Accuracy: 100.00%
DI-CNN+ - Average Loss: 0.020, Accuracy: 100.00%
IT-KAN - Average Loss: 0.023, Accuracy: 100.00%

